2018-12-01 14:39:44,659 [main] ERROR franiwalksdogs.core - Database configuration not found, :database-url environment variable must be set before running 
2018-12-01 14:42:22,832 [main] INFO  franiwalksdogs.env - 
-=[franiwalksdogs started successfully]=- 
2018-12-01 14:42:22,912 [main] INFO  luminus.http-server - starting HTTP server on port 3000 
2018-12-01 14:42:22,969 [main] INFO  org.xnio - XNIO version 3.3.6.Final 
2018-12-01 14:42:23,111 [main] INFO  org.projectodd.wunderboss.web.Web - Registered web context / 
2018-12-01 14:42:23,112 [main] INFO  franiwalksdogs.core - #'franiwalksdogs.handler/init-app started 
2018-12-01 14:42:23,112 [main] INFO  franiwalksdogs.core - #'franiwalksdogs.handler/app started 
2018-12-01 14:42:23,112 [main] INFO  franiwalksdogs.core - #'franiwalksdogs.core/http-server started 
2018-12-01 14:42:23,112 [main] INFO  franiwalksdogs.core - #'franiwalksdogs.core/repl-server started 
2018-12-01 14:45:13,722 [Thread-1] INFO  luminus.http-server - HTTP server stopped 
2018-12-01 14:45:13,722 [Thread-1] INFO  franiwalksdogs.env - 
-=[franiwalksdogs has shut down successfully]=- 
2018-12-01 14:45:13,722 [Thread-1] INFO  franiwalksdogs.core - #'franiwalksdogs.core/repl-server stopped 
2018-12-01 14:45:13,722 [Thread-1] INFO  franiwalksdogs.core - #'franiwalksdogs.core/http-server stopped 
2018-12-01 14:45:13,722 [Thread-1] INFO  franiwalksdogs.core - #'franiwalksdogs.handler/init-app stopped 
2018-12-01 14:46:29,165 [main] INFO  franiwalksdogs.env - 
-=[franiwalksdogs started successfully]=- 
2018-12-01 14:46:29,240 [main] INFO  luminus.http-server - starting HTTP server on port 3000 
2018-12-01 14:46:29,296 [main] INFO  org.xnio - XNIO version 3.3.6.Final 
2018-12-01 14:46:29,442 [main] INFO  org.projectodd.wunderboss.web.Web - Registered web context / 
2018-12-01 14:46:29,442 [main] INFO  franiwalksdogs.core - #'franiwalksdogs.handler/init-app started 
2018-12-01 14:46:29,443 [main] INFO  franiwalksdogs.core - #'franiwalksdogs.handler/app started 
2018-12-01 14:46:29,443 [main] INFO  franiwalksdogs.core - #'franiwalksdogs.core/http-server started 
2018-12-01 14:46:29,443 [main] INFO  franiwalksdogs.core - #'franiwalksdogs.core/repl-server started 
2018-12-01 14:59:08,781 [Thread-1] INFO  luminus.http-server - HTTP server stopped 
2018-12-01 14:59:08,783 [Thread-1] INFO  franiwalksdogs.env - 
-=[franiwalksdogs has shut down successfully]=- 
2018-12-01 14:59:08,783 [Thread-1] INFO  franiwalksdogs.core - #'franiwalksdogs.core/repl-server stopped 
2018-12-01 14:59:08,783 [Thread-1] INFO  franiwalksdogs.core - #'franiwalksdogs.core/http-server stopped 
2018-12-01 14:59:08,783 [Thread-1] INFO  franiwalksdogs.core - #'franiwalksdogs.handler/init-app stopped 
2018-12-01 15:00:49,153 [main] INFO  franiwalksdogs.env - 
-=[franiwalksdogs started successfully]=- 
2018-12-01 15:00:49,192 [main] INFO  luminus.http-server - starting HTTP server on port 3000 
2018-12-01 15:00:49,233 [main] INFO  org.xnio - XNIO version 3.3.6.Final 
2018-12-01 15:00:49,366 [main] INFO  org.projectodd.wunderboss.web.Web - Registered web context / 
2018-12-01 15:00:49,367 [main] INFO  franiwalksdogs.core - #'franiwalksdogs.handler/init-app started 
2018-12-01 15:00:49,367 [main] INFO  franiwalksdogs.core - #'franiwalksdogs.handler/app started 
2018-12-01 15:00:49,367 [main] INFO  franiwalksdogs.core - #'franiwalksdogs.core/http-server started 
2018-12-01 15:00:49,367 [main] INFO  franiwalksdogs.core - #'franiwalksdogs.core/repl-server started 
2018-12-01 15:01:34,710 [Thread-1] INFO  luminus.http-server - HTTP server stopped 
2018-12-01 15:01:34,712 [Thread-1] INFO  franiwalksdogs.env - 
-=[franiwalksdogs has shut down successfully]=- 
2018-12-01 15:01:34,712 [Thread-1] INFO  franiwalksdogs.core - #'franiwalksdogs.core/repl-server stopped 
2018-12-01 15:01:34,712 [Thread-1] INFO  franiwalksdogs.core - #'franiwalksdogs.core/http-server stopped 
2018-12-01 15:01:34,712 [Thread-1] INFO  franiwalksdogs.core - #'franiwalksdogs.handler/init-app stopped 
2018-12-01 15:03:29,289 [main] INFO  franiwalksdogs.env - 
-=[franiwalksdogs started successfully]=- 
2018-12-01 15:03:29,331 [main] INFO  luminus.http-server - starting HTTP server on port 3000 
2018-12-01 15:03:29,368 [main] INFO  org.xnio - XNIO version 3.3.6.Final 
2018-12-01 15:03:29,501 [main] INFO  org.projectodd.wunderboss.web.Web - Registered web context / 
2018-12-01 15:03:29,502 [main] INFO  franiwalksdogs.core - #'franiwalksdogs.handler/init-app started 
2018-12-01 15:03:29,502 [main] INFO  franiwalksdogs.core - #'franiwalksdogs.handler/app started 
2018-12-01 15:03:29,502 [main] INFO  franiwalksdogs.core - #'franiwalksdogs.core/http-server started 
2018-12-01 15:03:29,503 [main] INFO  franiwalksdogs.core - #'franiwalksdogs.core/repl-server started 
2018-12-01 15:05:50,534 [Thread-1] INFO  luminus.http-server - HTTP server stopped 
2018-12-01 15:05:50,535 [Thread-1] INFO  franiwalksdogs.env - 
-=[franiwalksdogs has shut down successfully]=- 
2018-12-01 15:05:50,536 [Thread-1] INFO  franiwalksdogs.core - #'franiwalksdogs.core/repl-server stopped 
2018-12-01 15:05:50,536 [Thread-1] INFO  franiwalksdogs.core - #'franiwalksdogs.core/http-server stopped 
2018-12-01 15:05:50,536 [Thread-1] INFO  franiwalksdogs.core - #'franiwalksdogs.handler/init-app stopped 
2018-12-01 15:08:11,796 [main] INFO  franiwalksdogs.env - 
-=[franiwalksdogs started successfully]=- 
2018-12-01 15:08:11,845 [main] INFO  luminus.http-server - starting HTTP server on port 3000 
2018-12-01 15:08:11,879 [main] INFO  org.xnio - XNIO version 3.3.6.Final 
2018-12-01 15:08:11,992 [main] INFO  org.projectodd.wunderboss.web.Web - Registered web context / 
2018-12-01 15:08:11,993 [main] INFO  franiwalksdogs.core - #'franiwalksdogs.handler/init-app started 
2018-12-01 15:08:11,993 [main] INFO  franiwalksdogs.core - #'franiwalksdogs.handler/app started 
2018-12-01 15:08:11,993 [main] INFO  franiwalksdogs.core - #'franiwalksdogs.core/http-server started 
2018-12-01 15:08:11,993 [main] INFO  franiwalksdogs.core - #'franiwalksdogs.core/repl-server started 
2018-12-01 15:09:40,280 [Thread-1] INFO  luminus.http-server - HTTP server stopped 
2018-12-01 15:09:40,281 [Thread-1] INFO  franiwalksdogs.env - 
-=[franiwalksdogs has shut down successfully]=- 
2018-12-01 15:09:40,281 [Thread-1] INFO  franiwalksdogs.core - #'franiwalksdogs.core/repl-server stopped 
2018-12-01 15:09:40,281 [Thread-1] INFO  franiwalksdogs.core - #'franiwalksdogs.core/http-server stopped 
2018-12-01 15:09:40,282 [Thread-1] INFO  franiwalksdogs.core - #'franiwalksdogs.handler/init-app stopped 
2018-12-01 15:11:09,161 [main] INFO  franiwalksdogs.env - 
-=[franiwalksdogs started successfully]=- 
2018-12-01 15:11:09,202 [main] INFO  luminus.http-server - starting HTTP server on port 3000 
2018-12-01 15:11:09,243 [main] INFO  org.xnio - XNIO version 3.3.6.Final 
2018-12-01 15:11:09,389 [main] INFO  org.projectodd.wunderboss.web.Web - Registered web context / 
2018-12-01 15:11:09,389 [main] INFO  franiwalksdogs.core - #'franiwalksdogs.handler/init-app started 
2018-12-01 15:11:09,390 [main] INFO  franiwalksdogs.core - #'franiwalksdogs.handler/app started 
2018-12-01 15:11:09,390 [main] INFO  franiwalksdogs.core - #'franiwalksdogs.core/http-server started 
2018-12-01 15:11:09,390 [main] INFO  franiwalksdogs.core - #'franiwalksdogs.core/repl-server started 
2018-12-01 15:15:14,283 [Thread-1] INFO  luminus.http-server - HTTP server stopped 
2018-12-01 15:15:14,284 [Thread-1] INFO  franiwalksdogs.env - 
-=[franiwalksdogs has shut down successfully]=- 
2018-12-01 15:15:14,284 [Thread-1] INFO  franiwalksdogs.core - #'franiwalksdogs.core/repl-server stopped 
2018-12-01 15:15:14,284 [Thread-1] INFO  franiwalksdogs.core - #'franiwalksdogs.core/http-server stopped 
2018-12-01 15:15:14,284 [Thread-1] INFO  franiwalksdogs.core - #'franiwalksdogs.handler/init-app stopped 
2018-12-01 15:16:37,935 [main] INFO  franiwalksdogs.env - 
-=[franiwalksdogs started successfully]=- 
2018-12-01 15:16:37,982 [main] INFO  luminus.http-server - starting HTTP server on port 3000 
2018-12-01 15:16:38,019 [main] INFO  org.xnio - XNIO version 3.3.6.Final 
2018-12-01 15:16:38,142 [main] INFO  org.projectodd.wunderboss.web.Web - Registered web context / 
2018-12-01 15:16:38,143 [main] INFO  franiwalksdogs.core - #'franiwalksdogs.handler/init-app started 
2018-12-01 15:16:38,143 [main] INFO  franiwalksdogs.core - #'franiwalksdogs.handler/app started 
2018-12-01 15:16:38,143 [main] INFO  franiwalksdogs.core - #'franiwalksdogs.core/http-server started 
2018-12-01 15:16:38,143 [main] INFO  franiwalksdogs.core - #'franiwalksdogs.core/repl-server started 
2018-12-01 15:18:07,080 [Thread-1] INFO  luminus.http-server - HTTP server stopped 
2018-12-01 15:18:07,081 [Thread-1] INFO  franiwalksdogs.env - 
-=[franiwalksdogs has shut down successfully]=- 
2018-12-01 15:18:07,082 [Thread-1] INFO  franiwalksdogs.core - #'franiwalksdogs.core/repl-server stopped 
2018-12-01 15:18:07,082 [Thread-1] INFO  franiwalksdogs.core - #'franiwalksdogs.core/http-server stopped 
2018-12-01 15:18:07,082 [Thread-1] INFO  franiwalksdogs.core - #'franiwalksdogs.handler/init-app stopped 
2018-12-01 15:19:35,779 [main] INFO  franiwalksdogs.env - 
-=[franiwalksdogs started successfully]=- 
2018-12-01 15:19:35,837 [main] INFO  luminus.http-server - starting HTTP server on port 3000 
2018-12-01 15:19:35,878 [main] INFO  org.xnio - XNIO version 3.3.6.Final 
2018-12-01 15:19:36,001 [main] INFO  org.projectodd.wunderboss.web.Web - Registered web context / 
2018-12-01 15:19:36,001 [main] INFO  franiwalksdogs.core - #'franiwalksdogs.handler/init-app started 
2018-12-01 15:19:36,002 [main] INFO  franiwalksdogs.core - #'franiwalksdogs.handler/app started 
2018-12-01 15:19:36,002 [main] INFO  franiwalksdogs.core - #'franiwalksdogs.core/http-server started 
2018-12-01 15:19:36,002 [main] INFO  franiwalksdogs.core - #'franiwalksdogs.core/repl-server started 
2018-12-01 15:21:06,353 [Thread-1] INFO  luminus.http-server - HTTP server stopped 
2018-12-01 15:21:06,356 [Thread-1] INFO  franiwalksdogs.env - 
-=[franiwalksdogs has shut down successfully]=- 
2018-12-01 15:21:06,356 [Thread-1] INFO  franiwalksdogs.core - #'franiwalksdogs.core/repl-server stopped 
2018-12-01 15:21:06,356 [Thread-1] INFO  franiwalksdogs.core - #'franiwalksdogs.core/http-server stopped 
2018-12-01 15:21:06,356 [Thread-1] INFO  franiwalksdogs.core - #'franiwalksdogs.handler/init-app stopped 
2018-12-01 22:57:11,899 [main] DEBUG org.jboss.logging - Logging Provider: org.jboss.logging.Slf4jLoggerProvider 
2018-12-01 22:57:14,202 [main] INFO  franiwalksdogs.env - 
-=[franiwalksdogs started successfully using the development profile]=- 
2018-12-01 22:57:14,308 [main] INFO  luminus.http-server - starting HTTP server on port 3000 
2018-12-01 22:57:14,383 [main] DEBUG io.undertow - starting undertow server io.undertow.Undertow@260d0702 
2018-12-01 22:57:14,402 [main] INFO  org.xnio - XNIO version 3.3.6.Final 
2018-12-01 22:57:14,590 [main] DEBUG io.undertow - Configuring listener with protocol HTTP for interface 0.0.0.0 and port 3000 
2018-12-01 22:57:14,648 [main] INFO  org.projectodd.wunderboss.web.Web - Registered web context / 
2018-12-01 22:57:14,650 [main] INFO  franiwalksdogs.nrepl - starting nREPL server on port 7000 
2018-12-01 22:57:15,021 [main] INFO  franiwalksdogs.core - #'franiwalksdogs.handler/init-app started 
2018-12-01 22:57:15,021 [main] INFO  franiwalksdogs.core - #'franiwalksdogs.handler/app started 
2018-12-01 22:57:15,021 [main] INFO  franiwalksdogs.core - #'franiwalksdogs.core/http-server started 
2018-12-01 22:57:15,021 [main] INFO  franiwalksdogs.core - #'franiwalksdogs.core/repl-server started 
2018-12-01 22:57:15,021 [main] INFO  franiwalksdogs.core - #'franiwalksdogs.db.core/*db* started 
2018-12-01 22:57:32,291 [main] DEBUG org.jboss.logging - Logging Provider: org.jboss.logging.Slf4jLoggerProvider 
2018-12-01 23:06:42,884 [XNIO-1 task-1] INFO  franiwalksdogs.env - 
-=[franiwalksdogs has shut down successfully]=- 
2018-12-01 23:06:42,886 [XNIO-1 task-1] INFO  franiwalksdogs.env - 
-=[franiwalksdogs started successfully using the development profile]=- 
2018-12-01 23:13:12,399 [Thread-2] INFO  franiwalksdogs.nrepl - nREPL server stopped 
2018-12-01 23:13:12,400 [Thread-2] DEBUG org.projectodd.wunderboss.WunderBoss - Returning existing component for org.projectodd.wunderboss.web.Web:1315005035, ignoring options. 
2018-12-01 23:13:12,403 [Thread-2] DEBUG io.undertow - stopping undertow server io.undertow.Undertow@260d0702 
2018-12-01 23:13:12,411 [Thread-2] INFO  luminus.http-server - HTTP server stopped 
2018-12-01 23:13:12,412 [Thread-2] INFO  franiwalksdogs.env - 
-=[franiwalksdogs has shut down successfully]=- 
2018-12-01 23:13:12,414 [Thread-2] INFO  franiwalksdogs.core - #'franiwalksdogs.db.core/*db* stopped 
2018-12-01 23:13:12,414 [Thread-2] INFO  franiwalksdogs.core - #'franiwalksdogs.core/repl-server stopped 
2018-12-01 23:13:12,414 [Thread-2] INFO  franiwalksdogs.core - #'franiwalksdogs.core/http-server stopped 
2018-12-01 23:13:12,414 [Thread-2] INFO  franiwalksdogs.core - #'franiwalksdogs.handler/init-app stopped 
2018-12-01 23:16:22,862 [main] DEBUG org.jboss.logging - Logging Provider: org.jboss.logging.Slf4jLoggerProvider 
2018-12-01 23:16:24,972 [main] INFO  franiwalksdogs.env - 
-=[franiwalksdogs started successfully using the development profile]=- 
2018-12-01 23:16:25,055 [main] INFO  luminus.http-server - starting HTTP server on port 3000 
2018-12-01 23:16:25,111 [main] DEBUG io.undertow - starting undertow server io.undertow.Undertow@56e59aef 
2018-12-01 23:16:25,122 [main] INFO  org.xnio - XNIO version 3.3.6.Final 
2018-12-01 23:16:25,246 [main] DEBUG io.undertow - Configuring listener with protocol HTTP for interface 0.0.0.0 and port 3000 
2018-12-01 23:16:25,290 [main] INFO  org.projectodd.wunderboss.web.Web - Registered web context / 
2018-12-01 23:16:25,291 [main] INFO  franiwalksdogs.nrepl - starting nREPL server on port 7000 
2018-12-01 23:16:25,315 [main] WARN  franiwalksdogs.db.core - database connection URL was not found, please set :database-url in your config, e.g: dev-config.edn 
2018-12-01 23:16:25,316 [main] INFO  franiwalksdogs.core - #'franiwalksdogs.handler/init-app started 
2018-12-01 23:16:25,316 [main] INFO  franiwalksdogs.core - #'franiwalksdogs.handler/app started 
2018-12-01 23:16:25,316 [main] INFO  franiwalksdogs.core - #'franiwalksdogs.core/http-server started 
2018-12-01 23:16:25,317 [main] INFO  franiwalksdogs.core - #'franiwalksdogs.core/repl-server started 
2018-12-01 23:16:25,317 [main] INFO  franiwalksdogs.core - #'franiwalksdogs.db.core/*db* started 
2018-12-01 23:16:34,947 [Thread-2] INFO  franiwalksdogs.nrepl - nREPL server stopped 
2018-12-01 23:16:34,948 [Thread-2] DEBUG org.projectodd.wunderboss.WunderBoss - Returning existing component for org.projectodd.wunderboss.web.Web:1717735529, ignoring options. 
2018-12-01 23:16:34,951 [Thread-2] DEBUG io.undertow - stopping undertow server io.undertow.Undertow@56e59aef 
2018-12-01 23:16:34,954 [Thread-2] INFO  luminus.http-server - HTTP server stopped 
2018-12-01 23:16:34,955 [Thread-2] INFO  franiwalksdogs.env - 
-=[franiwalksdogs has shut down successfully]=- 
2018-12-01 23:16:34,956 [Thread-2] INFO  franiwalksdogs.core - #'franiwalksdogs.db.core/*db* stopped 
2018-12-01 23:16:34,956 [Thread-2] INFO  franiwalksdogs.core - #'franiwalksdogs.core/repl-server stopped 
2018-12-01 23:16:34,956 [Thread-2] INFO  franiwalksdogs.core - #'franiwalksdogs.core/http-server stopped 
2018-12-01 23:16:34,957 [Thread-2] INFO  franiwalksdogs.core - #'franiwalksdogs.handler/init-app stopped 
2018-12-01 23:18:49,578 [main] DEBUG org.jboss.logging - Logging Provider: org.jboss.logging.Slf4jLoggerProvider 
2018-12-01 23:18:51,604 [main] INFO  franiwalksdogs.env - 
-=[franiwalksdogs started successfully using the development profile]=- 
2018-12-01 23:18:51,688 [main] INFO  luminus.http-server - starting HTTP server on port 4000 
2018-12-01 23:18:51,746 [main] DEBUG io.undertow - starting undertow server io.undertow.Undertow@10c96fde 
2018-12-01 23:18:51,758 [main] INFO  org.xnio - XNIO version 3.3.6.Final 
2018-12-01 23:18:51,880 [main] DEBUG io.undertow - Configuring listener with protocol HTTP for interface 0.0.0.0 and port 4000 
2018-12-01 23:18:51,926 [main] INFO  org.projectodd.wunderboss.web.Web - Registered web context / 
2018-12-01 23:18:51,928 [main] INFO  franiwalksdogs.nrepl - starting nREPL server on port 7000 
2018-12-01 23:18:51,952 [main] WARN  franiwalksdogs.db.core - database connection URL was not found, please set :database-url in your config, e.g: dev-config.edn 
2018-12-01 23:18:51,953 [main] INFO  franiwalksdogs.core - #'franiwalksdogs.handler/init-app started 
2018-12-01 23:18:51,953 [main] INFO  franiwalksdogs.core - #'franiwalksdogs.handler/app started 
2018-12-01 23:18:51,953 [main] INFO  franiwalksdogs.core - #'franiwalksdogs.core/http-server started 
2018-12-01 23:18:51,953 [main] INFO  franiwalksdogs.core - #'franiwalksdogs.core/repl-server started 
2018-12-01 23:18:51,954 [main] INFO  franiwalksdogs.core - #'franiwalksdogs.db.core/*db* started 
2018-12-01 23:19:14,739 [Thread-2] INFO  franiwalksdogs.nrepl - nREPL server stopped 
2018-12-01 23:19:14,741 [Thread-2] DEBUG org.projectodd.wunderboss.WunderBoss - Returning existing component for org.projectodd.wunderboss.web.Web:-1757857445, ignoring options. 
2018-12-01 23:19:14,744 [Thread-2] DEBUG io.undertow - stopping undertow server io.undertow.Undertow@10c96fde 
2018-12-01 23:19:14,747 [Thread-2] INFO  luminus.http-server - HTTP server stopped 
2018-12-01 23:19:14,748 [Thread-2] INFO  franiwalksdogs.env - 
-=[franiwalksdogs has shut down successfully]=- 
2018-12-01 23:19:14,749 [Thread-2] INFO  franiwalksdogs.core - #'franiwalksdogs.db.core/*db* stopped 
2018-12-01 23:19:14,749 [Thread-2] INFO  franiwalksdogs.core - #'franiwalksdogs.core/repl-server stopped 
2018-12-01 23:19:14,750 [Thread-2] INFO  franiwalksdogs.core - #'franiwalksdogs.core/http-server stopped 
2018-12-01 23:19:14,750 [Thread-2] INFO  franiwalksdogs.core - #'franiwalksdogs.handler/init-app stopped 
2018-12-01 23:20:52,955 [main] DEBUG org.jboss.logging - Logging Provider: org.jboss.logging.Slf4jLoggerProvider 
2018-12-01 23:20:55,666 [main] INFO  franiwalksdogs.env - 
-=[franiwalksdogs started successfully using the development profile]=- 
2018-12-01 23:20:55,807 [main] INFO  luminus.http-server - starting HTTP server on port 4000 
2018-12-01 23:20:55,890 [main] DEBUG io.undertow - starting undertow server io.undertow.Undertow@56e59aef 
2018-12-01 23:20:55,912 [main] INFO  org.xnio - XNIO version 3.3.6.Final 
2018-12-01 23:20:56,139 [main] DEBUG io.undertow - Configuring listener with protocol HTTP for interface 0.0.0.0 and port 4000 
2018-12-01 23:20:56,224 [main] INFO  org.projectodd.wunderboss.web.Web - Registered web context / 
2018-12-01 23:20:56,226 [main] INFO  franiwalksdogs.nrepl - starting nREPL server on port 7000 
2018-12-01 23:20:56,275 [main] WARN  franiwalksdogs.db.core - database connection URL was not found, please set :database-url in your config, e.g: dev-config.edn 
2018-12-01 23:20:56,276 [main] INFO  franiwalksdogs.core - #'franiwalksdogs.handler/init-app started 
2018-12-01 23:20:56,277 [main] INFO  franiwalksdogs.core - #'franiwalksdogs.handler/app started 
2018-12-01 23:20:56,277 [main] INFO  franiwalksdogs.core - #'franiwalksdogs.core/http-server started 
2018-12-01 23:20:56,277 [main] INFO  franiwalksdogs.core - #'franiwalksdogs.core/repl-server started 
2018-12-01 23:20:56,277 [main] INFO  franiwalksdogs.core - #'franiwalksdogs.db.core/*db* started 
2018-12-01 23:22:42,515 [Thread-2] INFO  franiwalksdogs.nrepl - nREPL server stopped 
2018-12-01 23:22:42,517 [Thread-2] DEBUG org.projectodd.wunderboss.WunderBoss - Returning existing component for org.projectodd.wunderboss.web.Web:1761854092, ignoring options. 
2018-12-01 23:22:42,519 [Thread-2] DEBUG io.undertow - stopping undertow server io.undertow.Undertow@56e59aef 
2018-12-01 23:22:42,523 [Thread-2] INFO  luminus.http-server - HTTP server stopped 
2018-12-01 23:22:42,523 [Thread-2] INFO  franiwalksdogs.env - 
-=[franiwalksdogs has shut down successfully]=- 
2018-12-01 23:22:42,525 [Thread-2] INFO  franiwalksdogs.core - #'franiwalksdogs.db.core/*db* stopped 
2018-12-01 23:22:42,525 [Thread-2] INFO  franiwalksdogs.core - #'franiwalksdogs.core/repl-server stopped 
2018-12-01 23:22:42,525 [Thread-2] INFO  franiwalksdogs.core - #'franiwalksdogs.core/http-server stopped 
2018-12-01 23:22:42,525 [Thread-2] INFO  franiwalksdogs.core - #'franiwalksdogs.handler/init-app stopped 
2018-12-01 23:34:37,596 [main] DEBUG org.jboss.logging - Logging Provider: org.jboss.logging.Slf4jLoggerProvider 
2018-12-01 23:34:39,753 [main] INFO  franiwalksdogs.core - hola daniel: env: {:java-class-path /Users/daplay/workspace/franiwalksdogs/test/clj:/Users/daplay/workspace/franiwalksdogs/env/dev/clj:/Users/daplay/workspace/franiwalksdogs/src/clj:/Users/daplay/workspace/franiwalksdogs/src/cljs:/Users/daplay/workspace/franiwalksdogs/src/cljc:/Users/daplay/workspace/franiwalksdogs/env/dev/resources:/Users/daplay/workspace/franiwalksdogs/dev-resources:/Users/daplay/workspace/franiwalksdogs/resources:/Users/daplay/workspace/franiwalksdogs/target/cljsbuild:/Users/daplay/workspace/franiwalksdogs/target/default/classes:/Users/daplay/.m2/repository/com/fasterxml/jackson/datatype/jackson-datatype-jdk8/2.9.7/jackson-datatype-jdk8-2.9.7.jar:/Users/daplay/.m2/repository/org/apache/httpcomponents/httpclient/4.5.5/httpclient-4.5.5.jar:/Users/daplay/.m2/repository/ring/ring-core/1.7.1/ring-core-1.7.1.jar:/Users/daplay/.m2/repository/reagent/reagent/0.8.1/reagent-0.8.1.jar:/Users/daplay/.m2/repository/luminus-migrations/luminus-migrations/0.6.1/luminus-migrations-0.6.1.jar:/Users/daplay/.m2/repository/org/checkerframework/checker-qual/2.0.0/checker-qual-2.0.0.jar:/Users/daplay/.m2/repository/commons-io/commons-io/2.6/commons-io-2.6.jar:/Users/daplay/.m2/repository/org/tobereplaced/lettercase/1.0.0/lettercase-1.0.0.jar:/Users/daplay/.m2/repository/mount/mount/0.1.14/mount-0.1.14.jar:/Users/daplay/.m2/repository/funcool/cuerdas/2.0.5/cuerdas-2.0.5.jar:/Users/daplay/.m2/repository/cprop/cprop/0.1.13/cprop-0.1.13.jar:/Users/daplay/.m2/repository/com/layerware/hugsql/0.4.9/hugsql-0.4.9.jar:/Users/daplay/.m2/repository/org/msgpack/msgpack/0.6.12/msgpack-0.6.12.jar:/Users/daplay/.m2/repository/instaparse/instaparse/1.4.8/instaparse-1.4.8.jar:/Users/daplay/.m2/repository/org/apache/httpcomponents/httpcore-nio/4.4.6/httpcore-nio-4.4.6.jar:/Users/daplay/.m2/repository/migratus/migratus/1.1.7/migratus-1.1.7.jar:/Users/daplay/.m2/repository/tigris/tigris/0.1.1/tigris-0.1.1.jar:/Users/daplay/.m2/repository/org/projectodd/wunderboss/wunderboss-web/0.13.1/wunderboss-web-0.13.1.jar:/Users/daplay/.m2/repository/net/java/dev/jna/jna/3.2.2/jna-3.2.2.jar:/Users/daplay/.m2/repository/com/fasterxml/jackson/core/jackson-core/2.9.7/jackson-core-2.9.7.jar:/Users/daplay/.m2/repository/potemkin/potemkin/0.4.5/potemkin-0.4.5.jar:/Users/daplay/.m2/repository/cljsjs/react-transition-group/2.4.0-0/react-transition-group-2.4.0-0.jar:/Users/daplay/.m2/repository/clj-http/clj-http/3.9.1/clj-http-3.9.1.jar:/Users/daplay/.m2/repository/org/clojure/tools.macro/0.1.5/tools.macro-0.1.5.jar:/Users/daplay/.m2/repository/ch/qos/logback/logback-classic/1.1.3/logback-classic-1.1.3.jar:/Users/daplay/.m2/repository/metosin/muuntaja/0.6.1/muuntaja-0.6.1.jar:/Users/daplay/.m2/repository/com/cognitect/transit-clj/0.8.313/transit-clj-0.8.313.jar:/Users/daplay/.m2/repository/org/projectodd/wunderboss/wunderboss-core/0.13.1/wunderboss-core-0.13.1.jar:/Users/daplay/.m2/repository/figwheel/figwheel/0.5.17/figwheel-0.5.17.jar:/Users/daplay/.m2/repository/com/zaxxer/HikariCP/3.2.0/HikariCP-3.2.0.jar:/Users/daplay/.m2/repository/org/slf4j/slf4j-api/1.7.25/slf4j-api-1.7.25.jar:/Users/daplay/.m2/repository/cljsjs/react-dom-server/16.3.2-0/react-dom-server-16.3.2-0.jar:/Users/daplay/.m2/repository/meta-merge/meta-merge/1.0.0/meta-merge-1.0.0.jar:/Users/daplay/.m2/repository/nrepl/bencode/1.0.0/bencode-1.0.0.jar:/Users/daplay/.m2/repository/joda-time/joda-time/2.9.9/joda-time-2.9.9.jar:/Users/daplay/.m2/repository/ring/ring-headers/0.3.0/ring-headers-0.3.0.jar:/Users/daplay/.m2/repository/cljsjs/create-react-class/15.6.3-0/create-react-class-15.6.3-0.jar:/Users/daplay/.m2/repository/com/google/code/gson/gson/2.7/gson-2.7.jar:/Users/daplay/.m2/repository/org/clojure/java.jdbc/0.7.7/java.jdbc-0.7.7.jar:/Users/daplay/.m2/repository/pjstadig/humane-test-output/0.9.0/humane-test-output-0.9.0.jar:/Users/daplay/.m2/repository/compojure/compojure/1.6.1/compojure-1.6.1.jar:/Users/daplay/.m2/repository/javax/xml/bind/jaxb-api/2.3.0/jaxb-api-2.3.0.jar:/Users/daplay/.m2/repository/com/stuartsierra/component/0.3.2/component-0.3.2.jar:/Users/daplay/.m2/repository/expound/expound/0.7.1/expound-0.7.1.jar:/Users/daplay/.m2/repository/ring/ring-ssl/0.3.0/ring-ssl-0.3.0.jar:/Users/daplay/.m2/repository/com/fasterxml/jackson/datatype/jackson-datatype-jsr310/2.9.7/jackson-datatype-jsr310-2.9.7.jar:/Users/daplay/.m2/repository/org/projectodd/wunderboss/wunderboss-web-undertow/0.13.1/wunderboss-web-undertow-0.13.1.jar:/Users/daplay/.m2/repository/commons-fileupload/commons-fileupload/1.3.3/commons-fileupload-1.3.3.jar:/Users/daplay/.m2/repository/io/undertow/undertow-core/1.4.14.Final/undertow-core-1.4.14.Final.jar:/Users/daplay/.m2/repository/prone/prone/1.6.1/prone-1.6.1.jar:/Users/daplay/.m2/repository/org/clojure/tools.analyzer/0.6.9/tools.analyzer-0.6.9.jar:/Users/daplay/.m2/repository/metosin/jsonista/0.2.2/jsonista-0.2.2.jar:/Users/daplay/.m2/repository/org/jboss/spec/javax/servlet/jboss-servlet-api_3.1_spec/1.0.0.Final/jboss-servlet-api_3.1_spec-1.0.0.Final.jar:/Users/daplay/.m2/repository/org/clojure/core.async/0.4.474/core.async-0.4.474.jar:/Users/daplay/.m2/repository/net/jodah/expiringmap/0.5.8/expiringmap-0.5.8.jar:/Users/daplay/.m2/repository/ring/ring-mock/0.3.2/ring-mock-0.3.2.jar:/Users/daplay/.m2/repository/org/clojure/tools.nrepl/0.2.12/tools.nrepl-0.2.12.jar:/Users/daplay/.m2/repository/cider/piggieback/0.3.10/piggieback-0.3.10.jar:/Users/daplay/.m2/repository/com/google/javascript/closure-compiler-unshaded/v20180805/closure-compiler-unshaded-v20180805.jar:/Users/daplay/.m2/repository/net/cgrand/regex/1.1.0/regex-1.1.0.jar:/Users/daplay/.m2/repository/org/immutant/core/2.1.9/core-2.1.9.jar:/Users/daplay/.m2/repository/org/ow2/asm/asm/5.1/asm-5.1.jar:/Users/daplay/.m2/repository/org/jboss/spec/javax/websocket/jboss-websocket-api_1.1_spec/1.1.0.Final/jboss-websocket-api_1.1_spec-1.1.0.Final.jar:/Users/daplay/.m2/repository/io/undertow/undertow-websockets-jsr/1.4.14.Final/undertow-websockets-jsr-1.4.14.Final.jar:/Users/daplay/.m2/repository/com/google/errorprone/error_prone_annotations/2.0.18/error_prone_annotations-2.0.18.jar:/Users/daplay/.m2/repository/ns-tracker/ns-tracker/0.3.1/ns-tracker-0.3.1.jar:/Users/daplay/.m2/repository/clojure-complete/clojure-complete/0.2.4/clojure-complete-0.2.4.jar:/Users/daplay/.m2/repository/org/clojure/google-closure-library/0.0-20170809-b9c14c6b/google-closure-library-0.0-20170809-b9c14c6b.jar:/Users/daplay/.m2/repository/org/apache/httpcomponents/httpasyncclient/4.1.3/httpasyncclient-4.1.3.jar:/Users/daplay/.m2/repository/org/clojure/java.classpath/0.2.3/java.classpath-0.2.3.jar:/Users/daplay/.m2/repository/org/clojure/tools.cli/0.4.1/tools.cli-0.4.1.jar:/Users/daplay/.m2/repository/com/fasterxml/jackson/dataformat/jackson-dataformat-cbor/2.8.6/jackson-dataformat-cbor-2.8.6.jar:/Users/daplay/.m2/repository/com/google/javascript/closure-compiler-externs/v20180805/closure-compiler-externs-v20180805.jar:/Users/daplay/.m2/repository/com/google/guava/guava/25.1-jre/guava-25.1-jre.jar:/Users/daplay/.m2/repository/cljsjs/react-dom/16.3.2-0/react-dom-16.3.2-0.jar:/Users/daplay/.m2/repository/org/clojure/tools.reader/1.3.0/tools.reader-1.3.0.jar:/Users/daplay/.m2/repository/org/apache/httpcomponents/httpcore/4.4.6/httpcore-4.4.6.jar:/Users/daplay/.m2/repository/com/google/protobuf/protobuf-java/3.6.1/protobuf-java-3.6.1.jar:/Users/daplay/.m2/repository/medley/medley/1.0.0/medley-1.0.0.jar:/Users/daplay/.m2/repository/crypto-equality/crypto-equality/1.0.0/crypto-equality-1.0.0.jar:/Users/daplay/.m2/repository/com/fasterxml/jackson/core/jackson-databind/2.9.7/jackson-databind-2.9.7.jar:/Users/daplay/.m2/repository/org/immutant/web/2.1.9/web-2.1.9.jar:/Users/daplay/.m2/repository/org/clojure/clojure/1.9.0/clojure-1.9.0.jar:/Users/daplay/.m2/repository/org/jboss/xnio/xnio-api/3.3.6.Final/xnio-api-3.3.6.Final.jar:/Users/daplay/.m2/repository/org/projectodd/wunderboss/wunderboss-clojure/0.13.1/wunderboss-clojure-0.13.1.jar:/Users/daplay/.m2/repository/luminus-transit/luminus-transit/0.1.1/luminus-transit-0.1.1.jar:/Users/daplay/.m2/repository/org/jboss/xnio/xnio-nio/3.3.6.Final/xnio-nio-3.3.6.Final.jar:/Users/daplay/.m2/repository/commons-codec/commons-codec/1.11/commons-codec-1.11.jar:/Users/daplay/.m2/repository/org/apache/httpcomponents/httpmime/4.5.5/httpmime-4.5.5.jar:/Users/daplay/.m2/repository/org/clojure/core.memoize/0.5.9/core.memoize-0.5.9.jar:/Users/daplay/.m2/repository/http-kit/http-kit/2.3.0/http-kit-2.3.0.jar:/Users/daplay/.m2/repository/cljsjs/popperjs/1.14.3-1/popperjs-1.14.3-1.jar:/Users/daplay/.m2/repository/suspendable/suspendable/0.1.1/suspendable-0.1.1.jar:/Users/daplay/.m2/repository/doo/doo/0.1.11/doo-0.1.11.jar:/Users/daplay/.m2/repository/com/cognitect/transit-js/0.8.846/transit-js-0.8.846.jar:/Users/daplay/.m2/repository/org/clojure/google-closure-library-third-party/0.0-20170809-b9c14c6b/google-closure-library-third-party-0.0-20170809-b9c14c6b.jar:/Users/daplay/.m2/repository/simple-lein-profile-merge/simple-lein-profile-merge/0.1.4/simple-lein-profile-merge-0.1.4.jar:/Users/daplay/.m2/repository/cljs-ajax/cljs-ajax/0.8.0/cljs-ajax-0.8.0.jar:/Users/daplay/.m2/repository/org/codehaus/mojo/animal-sniffer-annotations/1.14/animal-sniffer-annotations-1.14.jar:/Users/daplay/.m2/repository/args4j/args4j/2.0.26/args4j-2.0.26.jar:/Users/daplay/.m2/repository/cljsjs/react-popper/0.10.4-0/react-popper-0.10.4-0.jar:/Users/daplay/.m2/repository/com/google/j2objc/j2objc-annotations/1.1/j2objc-annotations-1.1.jar:/Users/daplay/.m2/repository/com/googlecode/json-simple/json-simple/1.1.1/json-simple-1.1.1.jar:/Users/daplay/.m2/repository/hiccup/hiccup/1.0.5/hiccup-1.0.5.jar:/Users/daplay/.m2/repository/clout/clout/2.2.1/clout-2.2.1.jar:/Users/daplay/.m2/repository/clj-tuple/clj-tuple/0.2.2/clj-tuple-0.2.2.jar:/Users/daplay/.m2/repository/luminus-immutant/luminus-immutant/0.2.4/luminus-immutant-0.2.4.jar:/Users/daplay/.m2/repository/com/layerware/hugsql-core/0.4.9/hugsql-core-0.4.9.jar:/Users/daplay/.m2/repository/com/stuartsierra/dependency/0.2.0/dependency-0.2.0.jar:/Users/daplay/.m2/repository/clj-time/clj-time/0.14.3/clj-time-0.14.3.jar:/Users/daplay/.m2/repository/conman/conman/0.8.3/conman-0.8.3.jar:/Users/daplay/.m2/repository/json-html/json-html/0.4.4/json-html-0.4.4.jar:/Users/daplay/.m2/repository/slingshot/slingshot/0.12.2/slingshot-0.12.2.jar:/Users/daplay/.m2/repository/selmer/selmer/1.12.5/selmer-1.12.5.jar:/Users/daplay/.m2/repository/cheshire/cheshire/5.7.1/cheshire-5.7.1.jar:/Users/daplay/.m2/repository/hawk/hawk/0.2.11/hawk-0.2.11.jar:/Users/daplay/.m2/repository/org/clojure/core.specs.alpha/0.1.24/core.specs.alpha-0.1.24.jar:/Users/daplay/.m2/repository/org/clojure/tools.logging/0.4.1/tools.logging-0.4.1.jar:/Users/daplay/.m2/repository/hikari-cp/hikari-cp/2.6.0/hikari-cp-2.6.0.jar:/Users/daplay/.m2/repository/org/jboss/spec/javax/annotation/jboss-annotations-api_1.2_spec/1.0.0.Final/jboss-annotations-api_1.2_spec-1.0.0.Final.jar:/Users/daplay/.m2/repository/figwheel-sidecar/figwheel-sidecar/0.5.17/figwheel-sidecar-0.5.17.jar:/Users/daplay/.m2/repository/net/cgrand/sjacket/0.1.1/sjacket-0.1.1.jar:/Users/daplay/.m2/repository/org/clojure/tools.analyzer.jvm/0.7.0/tools.analyzer.jvm-0.7.0.jar:/Users/daplay/.m2/repository/ring/ring-devel/1.7.1/ring-devel-1.7.1.jar:/Users/daplay/.m2/repository/org/clojure/tools.namespace/0.2.11/tools.namespace-0.2.11.jar:/Users/daplay/.m2/repository/com/carouselapps/to-jdbc-uri/0.5.0/to-jdbc-uri-0.5.0.jar:/Users/daplay/.m2/repository/org/ow2/asm/asm-all/4.2/asm-all-4.2.jar:/Users/daplay/.m2/repository/metosin/ring-http-response/0.9.1/ring-http-response-0.9.1.jar:/Users/daplay/.m2/repository/org/clojure/data.json/0.2.6/data.json-0.2.6.jar:/Users/daplay/.m2/repository/org/clojure/data.priority-map/0.0.7/data.priority-map-0.0.7.jar:/Users/daplay/.m2/repository/expiring-map/expiring-map/0.1.8/expiring-map-0.1.8.jar:/Users/daplay/.m2/repository/com/fasterxml/jackson/dataformat/jackson-dataformat-smile/2.8.6/jackson-dataformat-smile-2.8.6.jar:/Users/daplay/.m2/repository/com/cognitect/transit-java/0.8.337/transit-java-0.8.337.jar:/Users/daplay/.m2/repository/secretary/secretary/1.2.3/secretary-1.2.3.jar:/Users/daplay/.m2/repository/com/layerware/hugsql-adapter-clojure-java-jdbc/0.4.9/hugsql-adapter-clojure-java-jdbc-0.4.9.jar:/Users/daplay/.m2/repository/virgil/virgil/0.1.6/virgil-0.1.6.jar:/Users/daplay/.m2/repository/com/layerware/hugsql-adapter/0.4.9/hugsql-adapter-0.4.9.jar:/Users/daplay/.m2/repository/luminus/ring-ttl-session/0.3.2/ring-ttl-session-0.3.2.jar:/Users/daplay/.m2/repository/org/mozilla/rhino/1.7R5/rhino-1.7R5.jar:/Users/daplay/.m2/repository/crypto-random/crypto-random/1.2.0/crypto-random-1.2.0.jar:/Users/daplay/.m2/repository/javax/servlet/javax.servlet-api/3.1.0/javax.servlet-api-3.1.0.jar:/Users/daplay/.m2/repository/co/deps/ring-etag-middleware/0.2.0/ring-etag-middleware-0.2.0.jar:/Users/daplay/.m2/repository/karma-reporter/karma-reporter/3.1.0/karma-reporter-3.1.0.jar:/Users/daplay/.m2/repository/riddley/riddley/0.1.12/riddley-0.1.12.jar:/Users/daplay/.m2/repository/org/clojure/core.rrb-vector/0.0.11/core.rrb-vector-0.0.11.jar:/Users/daplay/.m2/repository/fipp/fipp/0.6.12/fipp-0.6.12.jar:/Users/daplay/.m2/repository/commons-logging/commons-logging/1.2/commons-logging-1.2.jar:/Users/daplay/.m2/repository/mysql/mysql-connector-java/8.0.12/mysql-connector-java-8.0.12.jar:/Users/daplay/.m2/repository/org/apache/httpcomponents/httpclient-cache/4.5.5/httpclient-cache-4.5.5.jar:/Users/daplay/.m2/repository/com/cognitect/transit-cljs/0.8.256/transit-cljs-0.8.256.jar:/Users/daplay/.m2/repository/com/google/jsinterop/jsinterop-annotations/1.0.0/jsinterop-annotations-1.0.0.jar:/Users/daplay/.m2/repository/io/undertow/undertow-servlet/1.4.14.Final/undertow-servlet-1.4.14.Final.jar:/Users/daplay/.m2/repository/cljsjs/react/16.3.2-0/react-16.3.2-0.jar:/Users/daplay/.m2/repository/strictly-specking-standalone/strictly-specking-standalone/0.1.1/strictly-specking-standalone-0.1.1.jar:/Users/daplay/.m2/repository/binaryage/devtools/0.9.10/devtools-0.9.10.jar:/Users/daplay/.m2/repository/com/fasterxml/jackson/core/jackson-annotations/2.9.0/jackson-annotations-2.9.0.jar:/Users/daplay/.m2/repository/ch/qos/logback/logback-core/1.1.3/logback-core-1.1.3.jar:/Users/daplay/.m2/repository/com/andrewmcveigh/cljs-time/0.5.2/cljs-time-0.5.2.jar:/Users/daplay/.m2/repository/org/jboss/logging/jboss-logging/3.2.1.Final/jboss-logging-3.2.1.Final.jar:/Users/daplay/.m2/repository/ring/ring-anti-forgery/1.3.0/ring-anti-forgery-1.3.0.jar:/Users/daplay/.m2/repository/org/clojure/clojurescript/1.10.439/clojurescript-1.10.439.jar:/Users/daplay/.m2/repository/realize/realize/1.1.0/realize-1.1.0.jar:/Users/daplay/.m2/repository/cljsjs/prop-types/15.6.1-0/prop-types-15.6.1-0.jar:/Users/daplay/.m2/repository/com/google/code/findbugs/jsr305/3.0.1/jsr305-3.0.1.jar:/Users/daplay/.m2/repository/net/cgrand/parsley/0.9.3/parsley-0.9.3.jar:/Users/daplay/.m2/repository/binaryage/env-config/0.2.2/env-config-0.2.2.jar:/Users/daplay/.m2/repository/org/javassist/javassist/3.18.1-GA/javassist-3.18.1-GA.jar:/Users/daplay/.m2/repository/funcool/struct/1.3.0/struct-1.3.0.jar:/Users/daplay/.m2/repository/net/incongru/watchservice/barbary-watchservice/1.0/barbary-watchservice-1.0.jar:/Users/daplay/.m2/repository/nrepl/nrepl/0.4.5/nrepl-0.4.5.jar:/Users/daplay/.m2/repository/ring/ring-codec/1.1.0/ring-codec-1.1.0.jar:/Users/daplay/.m2/repository/org/clojure/core.cache/0.6.5/core.cache-0.6.5.jar:/Users/daplay/.m2/repository/clojure/java-time/clojure.java-time/0.3.2/clojure.java-time-0.3.2.jar:/Users/daplay/.m2/repository/ring-cors/ring-cors/0.1.12/ring-cors-0.1.12.jar:/Users/daplay/.m2/repository/ring/ring-defaults/0.3.2/ring-defaults-0.3.2.jar:/Users/daplay/.m2/repository/markdown-clj/markdown-clj/1.0.5/markdown-clj-1.0.5.jar:/Users/daplay/.m2/repository/com/cemerick/clojurescript.test/0.2.3-SNAPSHOT/clojurescript.test-0.2.3-SNAPSHOT.jar:/Users/daplay/.m2/repository/org/clojure/spec.alpha/0.1.143/spec.alpha-0.1.143.jar:/Users/daplay/.m2/repository/clj-stacktrace/clj-stacktrace/0.2.8/clj-stacktrace-0.2.8.jar, :lein-java-cmd java, :path /Users/daplay/.yarn/bin:/Users/daplay/.config/yarn/global/node_modules/.bin:/Users/daplay/workspace/dotfiles/environment/bin:/usr/local/bin:/usr/bin:/bin:/usr/sbin:/sbin:/opt/X11/bin:/Users/daplay/.yarn/bin:/Users/daplay/.config/yarn/global/node_modules/.bin:/Users/daplay/.nvm/versions/node/v8.9.1/bin:/Users/daplay/.sdkman/candidates/maven/current/bin:/Users/daplay/.sdkman/candidates/groovy/current/bin:/Users/daplay/.sdkman/candidates/grails/current/bin:/Users/daplay/.sdkman/candidates/gradle/current/bin:/Users/daplay/workspace/dotfiles/environment/bin, :securitysessionid 186aa, :iterm-profile Default, :downloads /Users/daplay/downloads, :tmpdir /var/folders/kq/b2k19tvd3n50__vy3d4x4jz40000gn/T/, :sun-management-compiler HotSpot 64-Bit Tiered Compilers, :java-vendor-url http://java.oracle.com/, :workspace /Users/daplay/workspace, :franiwalksdogs-version 0.1.0-SNAPSHOT, :iterm-session-id w0t0p0:9CCD2803-583D-4B93-914B-3A3FDF32C558, :home /Users/daplay, :user-country US, :command-mode unix2003, :maven-home /Users/daplay/.sdkman/candidates/maven/current, :shlvl 4, :user-language en, :clojure-compile-path /Users/daplay/workspace/franiwalksdogs/target/default/classes, :java-ext-dirs /Users/daplay/Library/Java/Extensions:/Library/Java/JavaVirtualMachines/jdk1.8.0_151.jdk/Contents/Home/jre/lib/ext:/Library/Java/Extensions:/Network/Library/Java/Extensions:/System/Library/Java/Extensions:/usr/lib/java, :trampoline-file /tmp/lein-trampoline-T2E3Tk1fX3rSg, :java-vm-specification-name Java Virtual Machine Specification, :java-cmd java, :sun-java-command clojure.main -i /private/var/folders/kq/b2k19tvd3n50__vy3d4x4jz40000gn/T/form-init7187541780553354812.clj, :pwd /Users/daplay/workspace/franiwalksdogs, :java-runtime-name Java(TM) SE Runtime Environment, :sun-boot-class-path /Library/Java/JavaVirtualMachines/jdk1.8.0_151.jdk/Contents/Home/jre/lib/resources.jar:/Library/Java/JavaVirtualMachines/jdk1.8.0_151.jdk/Contents/Home/jre/lib/rt.jar:/Library/Java/JavaVirtualMachines/jdk1.8.0_151.jdk/Contents/Home/jre/lib/sunrsasign.jar:/Library/Java/JavaVirtualMachines/jdk1.8.0_151.jdk/Contents/Home/jre/lib/jsse.jar:/Library/Java/JavaVirtualMachines/jdk1.8.0_151.jdk/Contents/Home/jre/lib/jce.jar:/Library/Java/JavaVirtualMachines/jdk1.8.0_151.jdk/Contents/Home/jre/lib/charsets.jar:/Library/Java/JavaVirtualMachines/jdk1.8.0_151.jdk/Contents/Home/jre/lib/jfr.jar:/Library/Java/JavaVirtualMachines/jdk1.8.0_151.jdk/Contents/Home/jre/classes, :gopherproxyset false, :gradle-home /Users/daplay/.sdkman/candidates/gradle/current, :file-separator /, :socksnonproxyhosts local|*.local|169.254/16|*.169.254/16, :groovy-home /Users/daplay/.sdkman/candidates/groovy/current, :ssh-auth-sock /private/tmp/com.apple.launchd.wljtSgOTcD/Listeners, :http-nonproxyhosts local|*.local|169.254/16|*.169.254/16, :java-main-class-14683 clojure.main, :user-name daplay, :- /usr/bin/java, :dotfiles /Users/daplay/workspace/dotfiles, :ftp-nonproxyhosts local|*.local|169.254/16|*.169.254/16, :tools /Users/daplay/tools, :user-home /Users/daplay, :sun-cpu-endian little, :mailgun-key 7Lfm_n0UAAAAAKvkJKk8sT-Wi6i-Rc6aK74yb86y, :java-specification-vendor Oracle Corporation, :taskrc /Users/daplay/workspace/dotfiles/environment/config/task/taskrc, :lein-home /Users/daplay/.lein, :java-endorsed-dirs /Library/Java/JavaVirtualMachines/jdk1.8.0_151.jdk/Contents/Home/jre/lib/endorsed, :java-vendor Oracle Corporation, :colorterm truecolor, :nvm-bin /Users/daplay/.nvm/versions/node/v8.9.1/bin, :port 3000, :sun-os-patch-level unknown, :logname daplay, :sun-io-unicode-encoding UnicodeBig, :java-io-tmpdir /var/folders/kq/b2k19tvd3n50__vy3d4x4jz40000gn/T/, :lein-jvm-opts -Xverify:none -XX:+TieredCompilation -XX:TieredStopAtLevel=1, :sun-boot-library-path /Library/Java/JavaVirtualMachines/jdk1.8.0_151.jdk/Contents/Home/jre/lib, :nrepl-port 7000, :tmux-plugin-manager-path /Users/daplay/.tmux/plugins/, :com.apple.java.jvmtask CommandLine, :java-specification-name Java Platform API Specification, :java-runtime-version 1.8.0_151-b12, :lc-all en, :java-awt-graphicsenv sun.awt.CGraphicsEnvironment, :clojure-debug false, :lang en_US.UTF-8, :term screen-256color, :java-tool-options -Dfile.encoding=UTF8 -Duser.country=US -Duser.language=en, :java-class-version 52.0, :vimwiki /Users/daplay/vimwiki, :java-library-path /Users/daplay/Library/Java/Extensions:/Library/Java/Extensions:/Network/Library/Java/Extensions:/System/Library/Java/Extensions:/usr/lib/java:., :os-version 10.13.6, :xpc-flags 0x0, :sun-java-launcher SUN_STANDARD, :java-version 1.8.0_151, :colorfgbg 7, :xpc-service-name 0, : {:cf-user-text-encoding 0x1F5:0x0:0x1}, :captcha_private_key 7Lfm_n0UAAAAAKvkJKk8sT-Wi6i-Rc6aK74yb86y, :java-arch x86_64, :term-program iTerm.app, :awt-toolkit sun.lwawt.macosx.LWCToolkit, :term-session-id w0t0p0:9CCD2803-583D-4B93-914B-3A3FDF32C558, :file-encoding-pkg sun.io, :nvm-dir /Users/daplay/.nvm, :java-vm-version 25.151-b12, :java-main-class-14687 clojure.main, :sdkman-dir /Users/daplay/.sdkman, :line-separator 
, :tmux-pane %88, :nvm-cd-flags , :java-vm-info mixed mode, :editor nvim, :lein-version 2.8.1, :user-dir /Users/daplay/workspace/franiwalksdogs, :java-vm-vendor Oracle Corporation, :apple-pubsub-socket-render /private/tmp/com.apple.launchd.v4OB6btSgu/Render, :display /private/tmp/com.apple.launchd.AX6bSb4Stj/org.macosforge.xquartz:0, :java-specification-version 1.8, :path-separator :, :grails-home /Users/daplay/.sdkman/candidates/grails/current, :java-awt-printerjob sun.lwawt.macosx.CPrinterJob, :tmux /tmp//tmux-501/default,16791,0, :term-program-version 3.2.5, :sun-arch-data-model 64, :sun-cpu-isalist , :sdkman-current-api https://api.sdkman.io/2, :os-name Mac OS X, :user-timezone America/Los_Angeles, :sdkman-legacy-api https://api.sdkman.io/1, :java-vm-name Java HotSpot(TM) 64-Bit Server VM, :java-vm-specification-version 1.8, :shell /bin/bash, :jvm-opts , :conf dev-config.edn, :user daplay, :file-encoding UTF-8, :os-arch x86_64, :sdkman-version 5.5.15+284, :java-vendor-url-bug http://bugreport.sun.com/bugreport/, :sun-jnu-encoding UTF-8, :sdkman-candidates-dir /Users/daplay/.sdkman/candidates, :java-home /Library/Java/JavaVirtualMachines/jdk1.8.0_151.jdk/Contents/Home/jre, :java-vm-specification-vendor Oracle Corporation, :sdkman-platform Darwin} 
2018-12-01 23:34:39,755 [main] INFO  franiwalksdogs.core - hola daniel: `(env :captcha-private-key  )`:  
2018-12-01 23:34:39,755 [main] INFO  franiwalksdogs.core - hola daniel: `(env :mailgun-key  )`: 7Lfm_n0UAAAAAKvkJKk8sT-Wi6i-Rc6aK74yb86y 
2018-12-01 23:34:39,774 [main] INFO  franiwalksdogs.env - 
-=[franiwalksdogs started successfully using the development profile]=- 
2018-12-01 23:34:39,849 [main] INFO  luminus.http-server - starting HTTP server on port 3000 
2018-12-01 23:34:39,890 [main] DEBUG io.undertow - starting undertow server io.undertow.Undertow@5d14d4e0 
2018-12-01 23:34:39,900 [main] INFO  org.xnio - XNIO version 3.3.6.Final 
2018-12-01 23:34:40,021 [main] DEBUG io.undertow - Configuring listener with protocol HTTP for interface 0.0.0.0 and port 3000 
2018-12-01 23:34:40,065 [main] INFO  org.projectodd.wunderboss.web.Web - Registered web context / 
2018-12-01 23:34:40,067 [main] INFO  franiwalksdogs.nrepl - starting nREPL server on port 7000 
2018-12-01 23:34:40,093 [main] WARN  franiwalksdogs.db.core - database connection URL was not found, please set :database-url in your config, e.g: dev-config.edn 
2018-12-01 23:34:40,094 [main] INFO  franiwalksdogs.core - #'franiwalksdogs.handler/init-app started 
2018-12-01 23:34:40,094 [main] INFO  franiwalksdogs.core - #'franiwalksdogs.handler/app started 
2018-12-01 23:34:40,094 [main] INFO  franiwalksdogs.core - #'franiwalksdogs.core/http-server started 
2018-12-01 23:34:40,094 [main] INFO  franiwalksdogs.core - #'franiwalksdogs.core/repl-server started 
2018-12-01 23:34:40,094 [main] INFO  franiwalksdogs.core - #'franiwalksdogs.db.core/*db* started 
2018-12-01 23:45:15,604 [Thread-2] INFO  franiwalksdogs.nrepl - nREPL server stopped 
2018-12-01 23:45:15,605 [Thread-2] DEBUG org.projectodd.wunderboss.WunderBoss - Returning existing component for org.projectodd.wunderboss.web.Web:-873340208, ignoring options. 
2018-12-01 23:45:15,608 [Thread-2] DEBUG io.undertow - stopping undertow server io.undertow.Undertow@5d14d4e0 
2018-12-01 23:45:15,612 [Thread-2] INFO  luminus.http-server - HTTP server stopped 
2018-12-01 23:45:15,612 [Thread-2] INFO  franiwalksdogs.env - 
-=[franiwalksdogs has shut down successfully]=- 
2018-12-01 23:45:15,613 [Thread-2] INFO  franiwalksdogs.core - #'franiwalksdogs.db.core/*db* stopped 
2018-12-01 23:45:15,613 [Thread-2] INFO  franiwalksdogs.core - #'franiwalksdogs.core/repl-server stopped 
2018-12-01 23:45:15,614 [Thread-2] INFO  franiwalksdogs.core - #'franiwalksdogs.core/http-server stopped 
2018-12-01 23:45:15,614 [Thread-2] INFO  franiwalksdogs.core - #'franiwalksdogs.handler/init-app stopped 
2018-12-01 23:45:39,249 [main] DEBUG org.jboss.logging - Logging Provider: org.jboss.logging.Slf4jLoggerProvider 
2018-12-01 23:45:41,429 [main] INFO  franiwalksdogs.core - hola daniel: env: {:java-class-path /Users/daplay/workspace/franiwalksdogs/test/clj:/Users/daplay/workspace/franiwalksdogs/env/dev/clj:/Users/daplay/workspace/franiwalksdogs/src/clj:/Users/daplay/workspace/franiwalksdogs/src/cljs:/Users/daplay/workspace/franiwalksdogs/src/cljc:/Users/daplay/workspace/franiwalksdogs/env/dev/resources:/Users/daplay/workspace/franiwalksdogs/dev-resources:/Users/daplay/workspace/franiwalksdogs/resources:/Users/daplay/workspace/franiwalksdogs/target/cljsbuild:/Users/daplay/workspace/franiwalksdogs/target/default/classes:/Users/daplay/.m2/repository/com/fasterxml/jackson/datatype/jackson-datatype-jdk8/2.9.7/jackson-datatype-jdk8-2.9.7.jar:/Users/daplay/.m2/repository/org/apache/httpcomponents/httpclient/4.5.5/httpclient-4.5.5.jar:/Users/daplay/.m2/repository/ring/ring-core/1.7.1/ring-core-1.7.1.jar:/Users/daplay/.m2/repository/reagent/reagent/0.8.1/reagent-0.8.1.jar:/Users/daplay/.m2/repository/luminus-migrations/luminus-migrations/0.6.1/luminus-migrations-0.6.1.jar:/Users/daplay/.m2/repository/org/checkerframework/checker-qual/2.0.0/checker-qual-2.0.0.jar:/Users/daplay/.m2/repository/commons-io/commons-io/2.6/commons-io-2.6.jar:/Users/daplay/.m2/repository/org/tobereplaced/lettercase/1.0.0/lettercase-1.0.0.jar:/Users/daplay/.m2/repository/mount/mount/0.1.14/mount-0.1.14.jar:/Users/daplay/.m2/repository/funcool/cuerdas/2.0.5/cuerdas-2.0.5.jar:/Users/daplay/.m2/repository/cprop/cprop/0.1.13/cprop-0.1.13.jar:/Users/daplay/.m2/repository/com/layerware/hugsql/0.4.9/hugsql-0.4.9.jar:/Users/daplay/.m2/repository/org/msgpack/msgpack/0.6.12/msgpack-0.6.12.jar:/Users/daplay/.m2/repository/instaparse/instaparse/1.4.8/instaparse-1.4.8.jar:/Users/daplay/.m2/repository/org/apache/httpcomponents/httpcore-nio/4.4.6/httpcore-nio-4.4.6.jar:/Users/daplay/.m2/repository/migratus/migratus/1.1.7/migratus-1.1.7.jar:/Users/daplay/.m2/repository/tigris/tigris/0.1.1/tigris-0.1.1.jar:/Users/daplay/.m2/repository/org/projectodd/wunderboss/wunderboss-web/0.13.1/wunderboss-web-0.13.1.jar:/Users/daplay/.m2/repository/net/java/dev/jna/jna/3.2.2/jna-3.2.2.jar:/Users/daplay/.m2/repository/com/fasterxml/jackson/core/jackson-core/2.9.7/jackson-core-2.9.7.jar:/Users/daplay/.m2/repository/potemkin/potemkin/0.4.5/potemkin-0.4.5.jar:/Users/daplay/.m2/repository/cljsjs/react-transition-group/2.4.0-0/react-transition-group-2.4.0-0.jar:/Users/daplay/.m2/repository/clj-http/clj-http/3.9.1/clj-http-3.9.1.jar:/Users/daplay/.m2/repository/org/clojure/tools.macro/0.1.5/tools.macro-0.1.5.jar:/Users/daplay/.m2/repository/ch/qos/logback/logback-classic/1.1.3/logback-classic-1.1.3.jar:/Users/daplay/.m2/repository/metosin/muuntaja/0.6.1/muuntaja-0.6.1.jar:/Users/daplay/.m2/repository/com/cognitect/transit-clj/0.8.313/transit-clj-0.8.313.jar:/Users/daplay/.m2/repository/org/projectodd/wunderboss/wunderboss-core/0.13.1/wunderboss-core-0.13.1.jar:/Users/daplay/.m2/repository/figwheel/figwheel/0.5.17/figwheel-0.5.17.jar:/Users/daplay/.m2/repository/com/zaxxer/HikariCP/3.2.0/HikariCP-3.2.0.jar:/Users/daplay/.m2/repository/org/slf4j/slf4j-api/1.7.25/slf4j-api-1.7.25.jar:/Users/daplay/.m2/repository/cljsjs/react-dom-server/16.3.2-0/react-dom-server-16.3.2-0.jar:/Users/daplay/.m2/repository/meta-merge/meta-merge/1.0.0/meta-merge-1.0.0.jar:/Users/daplay/.m2/repository/nrepl/bencode/1.0.0/bencode-1.0.0.jar:/Users/daplay/.m2/repository/joda-time/joda-time/2.9.9/joda-time-2.9.9.jar:/Users/daplay/.m2/repository/ring/ring-headers/0.3.0/ring-headers-0.3.0.jar:/Users/daplay/.m2/repository/cljsjs/create-react-class/15.6.3-0/create-react-class-15.6.3-0.jar:/Users/daplay/.m2/repository/com/google/code/gson/gson/2.7/gson-2.7.jar:/Users/daplay/.m2/repository/org/clojure/java.jdbc/0.7.7/java.jdbc-0.7.7.jar:/Users/daplay/.m2/repository/pjstadig/humane-test-output/0.9.0/humane-test-output-0.9.0.jar:/Users/daplay/.m2/repository/compojure/compojure/1.6.1/compojure-1.6.1.jar:/Users/daplay/.m2/repository/javax/xml/bind/jaxb-api/2.3.0/jaxb-api-2.3.0.jar:/Users/daplay/.m2/repository/com/stuartsierra/component/0.3.2/component-0.3.2.jar:/Users/daplay/.m2/repository/expound/expound/0.7.1/expound-0.7.1.jar:/Users/daplay/.m2/repository/ring/ring-ssl/0.3.0/ring-ssl-0.3.0.jar:/Users/daplay/.m2/repository/com/fasterxml/jackson/datatype/jackson-datatype-jsr310/2.9.7/jackson-datatype-jsr310-2.9.7.jar:/Users/daplay/.m2/repository/org/projectodd/wunderboss/wunderboss-web-undertow/0.13.1/wunderboss-web-undertow-0.13.1.jar:/Users/daplay/.m2/repository/commons-fileupload/commons-fileupload/1.3.3/commons-fileupload-1.3.3.jar:/Users/daplay/.m2/repository/io/undertow/undertow-core/1.4.14.Final/undertow-core-1.4.14.Final.jar:/Users/daplay/.m2/repository/prone/prone/1.6.1/prone-1.6.1.jar:/Users/daplay/.m2/repository/org/clojure/tools.analyzer/0.6.9/tools.analyzer-0.6.9.jar:/Users/daplay/.m2/repository/metosin/jsonista/0.2.2/jsonista-0.2.2.jar:/Users/daplay/.m2/repository/org/jboss/spec/javax/servlet/jboss-servlet-api_3.1_spec/1.0.0.Final/jboss-servlet-api_3.1_spec-1.0.0.Final.jar:/Users/daplay/.m2/repository/org/clojure/core.async/0.4.474/core.async-0.4.474.jar:/Users/daplay/.m2/repository/net/jodah/expiringmap/0.5.8/expiringmap-0.5.8.jar:/Users/daplay/.m2/repository/ring/ring-mock/0.3.2/ring-mock-0.3.2.jar:/Users/daplay/.m2/repository/org/clojure/tools.nrepl/0.2.12/tools.nrepl-0.2.12.jar:/Users/daplay/.m2/repository/cider/piggieback/0.3.10/piggieback-0.3.10.jar:/Users/daplay/.m2/repository/com/google/javascript/closure-compiler-unshaded/v20180805/closure-compiler-unshaded-v20180805.jar:/Users/daplay/.m2/repository/net/cgrand/regex/1.1.0/regex-1.1.0.jar:/Users/daplay/.m2/repository/org/immutant/core/2.1.9/core-2.1.9.jar:/Users/daplay/.m2/repository/org/ow2/asm/asm/5.1/asm-5.1.jar:/Users/daplay/.m2/repository/org/jboss/spec/javax/websocket/jboss-websocket-api_1.1_spec/1.1.0.Final/jboss-websocket-api_1.1_spec-1.1.0.Final.jar:/Users/daplay/.m2/repository/io/undertow/undertow-websockets-jsr/1.4.14.Final/undertow-websockets-jsr-1.4.14.Final.jar:/Users/daplay/.m2/repository/com/google/errorprone/error_prone_annotations/2.0.18/error_prone_annotations-2.0.18.jar:/Users/daplay/.m2/repository/ns-tracker/ns-tracker/0.3.1/ns-tracker-0.3.1.jar:/Users/daplay/.m2/repository/clojure-complete/clojure-complete/0.2.4/clojure-complete-0.2.4.jar:/Users/daplay/.m2/repository/org/clojure/google-closure-library/0.0-20170809-b9c14c6b/google-closure-library-0.0-20170809-b9c14c6b.jar:/Users/daplay/.m2/repository/org/apache/httpcomponents/httpasyncclient/4.1.3/httpasyncclient-4.1.3.jar:/Users/daplay/.m2/repository/org/clojure/java.classpath/0.2.3/java.classpath-0.2.3.jar:/Users/daplay/.m2/repository/org/clojure/tools.cli/0.4.1/tools.cli-0.4.1.jar:/Users/daplay/.m2/repository/com/fasterxml/jackson/dataformat/jackson-dataformat-cbor/2.8.6/jackson-dataformat-cbor-2.8.6.jar:/Users/daplay/.m2/repository/com/google/javascript/closure-compiler-externs/v20180805/closure-compiler-externs-v20180805.jar:/Users/daplay/.m2/repository/com/google/guava/guava/25.1-jre/guava-25.1-jre.jar:/Users/daplay/.m2/repository/cljsjs/react-dom/16.3.2-0/react-dom-16.3.2-0.jar:/Users/daplay/.m2/repository/org/clojure/tools.reader/1.3.0/tools.reader-1.3.0.jar:/Users/daplay/.m2/repository/org/apache/httpcomponents/httpcore/4.4.6/httpcore-4.4.6.jar:/Users/daplay/.m2/repository/com/google/protobuf/protobuf-java/3.6.1/protobuf-java-3.6.1.jar:/Users/daplay/.m2/repository/medley/medley/1.0.0/medley-1.0.0.jar:/Users/daplay/.m2/repository/crypto-equality/crypto-equality/1.0.0/crypto-equality-1.0.0.jar:/Users/daplay/.m2/repository/com/fasterxml/jackson/core/jackson-databind/2.9.7/jackson-databind-2.9.7.jar:/Users/daplay/.m2/repository/org/immutant/web/2.1.9/web-2.1.9.jar:/Users/daplay/.m2/repository/org/clojure/clojure/1.9.0/clojure-1.9.0.jar:/Users/daplay/.m2/repository/org/jboss/xnio/xnio-api/3.3.6.Final/xnio-api-3.3.6.Final.jar:/Users/daplay/.m2/repository/org/projectodd/wunderboss/wunderboss-clojure/0.13.1/wunderboss-clojure-0.13.1.jar:/Users/daplay/.m2/repository/luminus-transit/luminus-transit/0.1.1/luminus-transit-0.1.1.jar:/Users/daplay/.m2/repository/org/jboss/xnio/xnio-nio/3.3.6.Final/xnio-nio-3.3.6.Final.jar:/Users/daplay/.m2/repository/commons-codec/commons-codec/1.11/commons-codec-1.11.jar:/Users/daplay/.m2/repository/org/apache/httpcomponents/httpmime/4.5.5/httpmime-4.5.5.jar:/Users/daplay/.m2/repository/org/clojure/core.memoize/0.5.9/core.memoize-0.5.9.jar:/Users/daplay/.m2/repository/http-kit/http-kit/2.3.0/http-kit-2.3.0.jar:/Users/daplay/.m2/repository/cljsjs/popperjs/1.14.3-1/popperjs-1.14.3-1.jar:/Users/daplay/.m2/repository/suspendable/suspendable/0.1.1/suspendable-0.1.1.jar:/Users/daplay/.m2/repository/doo/doo/0.1.11/doo-0.1.11.jar:/Users/daplay/.m2/repository/com/cognitect/transit-js/0.8.846/transit-js-0.8.846.jar:/Users/daplay/.m2/repository/org/clojure/google-closure-library-third-party/0.0-20170809-b9c14c6b/google-closure-library-third-party-0.0-20170809-b9c14c6b.jar:/Users/daplay/.m2/repository/simple-lein-profile-merge/simple-lein-profile-merge/0.1.4/simple-lein-profile-merge-0.1.4.jar:/Users/daplay/.m2/repository/cljs-ajax/cljs-ajax/0.8.0/cljs-ajax-0.8.0.jar:/Users/daplay/.m2/repository/org/codehaus/mojo/animal-sniffer-annotations/1.14/animal-sniffer-annotations-1.14.jar:/Users/daplay/.m2/repository/args4j/args4j/2.0.26/args4j-2.0.26.jar:/Users/daplay/.m2/repository/cljsjs/react-popper/0.10.4-0/react-popper-0.10.4-0.jar:/Users/daplay/.m2/repository/com/google/j2objc/j2objc-annotations/1.1/j2objc-annotations-1.1.jar:/Users/daplay/.m2/repository/com/googlecode/json-simple/json-simple/1.1.1/json-simple-1.1.1.jar:/Users/daplay/.m2/repository/hiccup/hiccup/1.0.5/hiccup-1.0.5.jar:/Users/daplay/.m2/repository/clout/clout/2.2.1/clout-2.2.1.jar:/Users/daplay/.m2/repository/clj-tuple/clj-tuple/0.2.2/clj-tuple-0.2.2.jar:/Users/daplay/.m2/repository/luminus-immutant/luminus-immutant/0.2.4/luminus-immutant-0.2.4.jar:/Users/daplay/.m2/repository/com/layerware/hugsql-core/0.4.9/hugsql-core-0.4.9.jar:/Users/daplay/.m2/repository/com/stuartsierra/dependency/0.2.0/dependency-0.2.0.jar:/Users/daplay/.m2/repository/clj-time/clj-time/0.14.3/clj-time-0.14.3.jar:/Users/daplay/.m2/repository/conman/conman/0.8.3/conman-0.8.3.jar:/Users/daplay/.m2/repository/json-html/json-html/0.4.4/json-html-0.4.4.jar:/Users/daplay/.m2/repository/slingshot/slingshot/0.12.2/slingshot-0.12.2.jar:/Users/daplay/.m2/repository/selmer/selmer/1.12.5/selmer-1.12.5.jar:/Users/daplay/.m2/repository/cheshire/cheshire/5.7.1/cheshire-5.7.1.jar:/Users/daplay/.m2/repository/hawk/hawk/0.2.11/hawk-0.2.11.jar:/Users/daplay/.m2/repository/org/clojure/core.specs.alpha/0.1.24/core.specs.alpha-0.1.24.jar:/Users/daplay/.m2/repository/org/clojure/tools.logging/0.4.1/tools.logging-0.4.1.jar:/Users/daplay/.m2/repository/hikari-cp/hikari-cp/2.6.0/hikari-cp-2.6.0.jar:/Users/daplay/.m2/repository/org/jboss/spec/javax/annotation/jboss-annotations-api_1.2_spec/1.0.0.Final/jboss-annotations-api_1.2_spec-1.0.0.Final.jar:/Users/daplay/.m2/repository/figwheel-sidecar/figwheel-sidecar/0.5.17/figwheel-sidecar-0.5.17.jar:/Users/daplay/.m2/repository/net/cgrand/sjacket/0.1.1/sjacket-0.1.1.jar:/Users/daplay/.m2/repository/org/clojure/tools.analyzer.jvm/0.7.0/tools.analyzer.jvm-0.7.0.jar:/Users/daplay/.m2/repository/ring/ring-devel/1.7.1/ring-devel-1.7.1.jar:/Users/daplay/.m2/repository/org/clojure/tools.namespace/0.2.11/tools.namespace-0.2.11.jar:/Users/daplay/.m2/repository/com/carouselapps/to-jdbc-uri/0.5.0/to-jdbc-uri-0.5.0.jar:/Users/daplay/.m2/repository/org/ow2/asm/asm-all/4.2/asm-all-4.2.jar:/Users/daplay/.m2/repository/metosin/ring-http-response/0.9.1/ring-http-response-0.9.1.jar:/Users/daplay/.m2/repository/org/clojure/data.json/0.2.6/data.json-0.2.6.jar:/Users/daplay/.m2/repository/org/clojure/data.priority-map/0.0.7/data.priority-map-0.0.7.jar:/Users/daplay/.m2/repository/expiring-map/expiring-map/0.1.8/expiring-map-0.1.8.jar:/Users/daplay/.m2/repository/com/fasterxml/jackson/dataformat/jackson-dataformat-smile/2.8.6/jackson-dataformat-smile-2.8.6.jar:/Users/daplay/.m2/repository/com/cognitect/transit-java/0.8.337/transit-java-0.8.337.jar:/Users/daplay/.m2/repository/secretary/secretary/1.2.3/secretary-1.2.3.jar:/Users/daplay/.m2/repository/com/layerware/hugsql-adapter-clojure-java-jdbc/0.4.9/hugsql-adapter-clojure-java-jdbc-0.4.9.jar:/Users/daplay/.m2/repository/virgil/virgil/0.1.6/virgil-0.1.6.jar:/Users/daplay/.m2/repository/com/layerware/hugsql-adapter/0.4.9/hugsql-adapter-0.4.9.jar:/Users/daplay/.m2/repository/luminus/ring-ttl-session/0.3.2/ring-ttl-session-0.3.2.jar:/Users/daplay/.m2/repository/org/mozilla/rhino/1.7R5/rhino-1.7R5.jar:/Users/daplay/.m2/repository/crypto-random/crypto-random/1.2.0/crypto-random-1.2.0.jar:/Users/daplay/.m2/repository/javax/servlet/javax.servlet-api/3.1.0/javax.servlet-api-3.1.0.jar:/Users/daplay/.m2/repository/co/deps/ring-etag-middleware/0.2.0/ring-etag-middleware-0.2.0.jar:/Users/daplay/.m2/repository/karma-reporter/karma-reporter/3.1.0/karma-reporter-3.1.0.jar:/Users/daplay/.m2/repository/riddley/riddley/0.1.12/riddley-0.1.12.jar:/Users/daplay/.m2/repository/org/clojure/core.rrb-vector/0.0.11/core.rrb-vector-0.0.11.jar:/Users/daplay/.m2/repository/fipp/fipp/0.6.12/fipp-0.6.12.jar:/Users/daplay/.m2/repository/commons-logging/commons-logging/1.2/commons-logging-1.2.jar:/Users/daplay/.m2/repository/mysql/mysql-connector-java/8.0.12/mysql-connector-java-8.0.12.jar:/Users/daplay/.m2/repository/org/apache/httpcomponents/httpclient-cache/4.5.5/httpclient-cache-4.5.5.jar:/Users/daplay/.m2/repository/com/cognitect/transit-cljs/0.8.256/transit-cljs-0.8.256.jar:/Users/daplay/.m2/repository/com/google/jsinterop/jsinterop-annotations/1.0.0/jsinterop-annotations-1.0.0.jar:/Users/daplay/.m2/repository/io/undertow/undertow-servlet/1.4.14.Final/undertow-servlet-1.4.14.Final.jar:/Users/daplay/.m2/repository/cljsjs/react/16.3.2-0/react-16.3.2-0.jar:/Users/daplay/.m2/repository/strictly-specking-standalone/strictly-specking-standalone/0.1.1/strictly-specking-standalone-0.1.1.jar:/Users/daplay/.m2/repository/binaryage/devtools/0.9.10/devtools-0.9.10.jar:/Users/daplay/.m2/repository/com/fasterxml/jackson/core/jackson-annotations/2.9.0/jackson-annotations-2.9.0.jar:/Users/daplay/.m2/repository/ch/qos/logback/logback-core/1.1.3/logback-core-1.1.3.jar:/Users/daplay/.m2/repository/com/andrewmcveigh/cljs-time/0.5.2/cljs-time-0.5.2.jar:/Users/daplay/.m2/repository/org/jboss/logging/jboss-logging/3.2.1.Final/jboss-logging-3.2.1.Final.jar:/Users/daplay/.m2/repository/ring/ring-anti-forgery/1.3.0/ring-anti-forgery-1.3.0.jar:/Users/daplay/.m2/repository/org/clojure/clojurescript/1.10.439/clojurescript-1.10.439.jar:/Users/daplay/.m2/repository/realize/realize/1.1.0/realize-1.1.0.jar:/Users/daplay/.m2/repository/cljsjs/prop-types/15.6.1-0/prop-types-15.6.1-0.jar:/Users/daplay/.m2/repository/com/google/code/findbugs/jsr305/3.0.1/jsr305-3.0.1.jar:/Users/daplay/.m2/repository/net/cgrand/parsley/0.9.3/parsley-0.9.3.jar:/Users/daplay/.m2/repository/binaryage/env-config/0.2.2/env-config-0.2.2.jar:/Users/daplay/.m2/repository/org/javassist/javassist/3.18.1-GA/javassist-3.18.1-GA.jar:/Users/daplay/.m2/repository/funcool/struct/1.3.0/struct-1.3.0.jar:/Users/daplay/.m2/repository/net/incongru/watchservice/barbary-watchservice/1.0/barbary-watchservice-1.0.jar:/Users/daplay/.m2/repository/nrepl/nrepl/0.4.5/nrepl-0.4.5.jar:/Users/daplay/.m2/repository/ring/ring-codec/1.1.0/ring-codec-1.1.0.jar:/Users/daplay/.m2/repository/org/clojure/core.cache/0.6.5/core.cache-0.6.5.jar:/Users/daplay/.m2/repository/clojure/java-time/clojure.java-time/0.3.2/clojure.java-time-0.3.2.jar:/Users/daplay/.m2/repository/ring-cors/ring-cors/0.1.12/ring-cors-0.1.12.jar:/Users/daplay/.m2/repository/ring/ring-defaults/0.3.2/ring-defaults-0.3.2.jar:/Users/daplay/.m2/repository/markdown-clj/markdown-clj/1.0.5/markdown-clj-1.0.5.jar:/Users/daplay/.m2/repository/com/cemerick/clojurescript.test/0.2.3-SNAPSHOT/clojurescript.test-0.2.3-SNAPSHOT.jar:/Users/daplay/.m2/repository/org/clojure/spec.alpha/0.1.143/spec.alpha-0.1.143.jar:/Users/daplay/.m2/repository/clj-stacktrace/clj-stacktrace/0.2.8/clj-stacktrace-0.2.8.jar, :lein-java-cmd java, :path /Users/daplay/.yarn/bin:/Users/daplay/.config/yarn/global/node_modules/.bin:/Users/daplay/workspace/dotfiles/environment/bin:/usr/local/bin:/usr/bin:/bin:/usr/sbin:/sbin:/opt/X11/bin:/Users/daplay/.yarn/bin:/Users/daplay/.config/yarn/global/node_modules/.bin:/Users/daplay/.nvm/versions/node/v8.9.1/bin:/Users/daplay/.sdkman/candidates/maven/current/bin:/Users/daplay/.sdkman/candidates/groovy/current/bin:/Users/daplay/.sdkman/candidates/grails/current/bin:/Users/daplay/.sdkman/candidates/gradle/current/bin:/Users/daplay/workspace/dotfiles/environment/bin, :securitysessionid 186aa, :iterm-profile Default, :downloads /Users/daplay/downloads, :tmpdir /var/folders/kq/b2k19tvd3n50__vy3d4x4jz40000gn/T/, :sun-management-compiler HotSpot 64-Bit Tiered Compilers, :java-vendor-url http://java.oracle.com/, :workspace /Users/daplay/workspace, :franiwalksdogs-version 0.1.0-SNAPSHOT, :iterm-session-id w0t0p0:9CCD2803-583D-4B93-914B-3A3FDF32C558, :home /Users/daplay, :user-country US, :command-mode unix2003, :maven-home /Users/daplay/.sdkman/candidates/maven/current, :shlvl 4, :user-language en, :clojure-compile-path /Users/daplay/workspace/franiwalksdogs/target/default/classes, :java-ext-dirs /Users/daplay/Library/Java/Extensions:/Library/Java/JavaVirtualMachines/jdk1.8.0_151.jdk/Contents/Home/jre/lib/ext:/Library/Java/Extensions:/Network/Library/Java/Extensions:/System/Library/Java/Extensions:/usr/lib/java, :trampoline-file /tmp/lein-trampoline-Lghew9KV454uH, :java-vm-specification-name Java Virtual Machine Specification, :java-cmd java, :sun-java-command clojure.main -i /private/var/folders/kq/b2k19tvd3n50__vy3d4x4jz40000gn/T/form-init622370434034214239.clj, :pwd /Users/daplay/workspace/franiwalksdogs, :java-runtime-name Java(TM) SE Runtime Environment, :sun-boot-class-path /Library/Java/JavaVirtualMachines/jdk1.8.0_151.jdk/Contents/Home/jre/lib/resources.jar:/Library/Java/JavaVirtualMachines/jdk1.8.0_151.jdk/Contents/Home/jre/lib/rt.jar:/Library/Java/JavaVirtualMachines/jdk1.8.0_151.jdk/Contents/Home/jre/lib/sunrsasign.jar:/Library/Java/JavaVirtualMachines/jdk1.8.0_151.jdk/Contents/Home/jre/lib/jsse.jar:/Library/Java/JavaVirtualMachines/jdk1.8.0_151.jdk/Contents/Home/jre/lib/jce.jar:/Library/Java/JavaVirtualMachines/jdk1.8.0_151.jdk/Contents/Home/jre/lib/charsets.jar:/Library/Java/JavaVirtualMachines/jdk1.8.0_151.jdk/Contents/Home/jre/lib/jfr.jar:/Library/Java/JavaVirtualMachines/jdk1.8.0_151.jdk/Contents/Home/jre/classes, :gopherproxyset false, :gradle-home /Users/daplay/.sdkman/candidates/gradle/current, :file-separator /, :socksnonproxyhosts local|*.local|169.254/16|*.169.254/16, :groovy-home /Users/daplay/.sdkman/candidates/groovy/current, :ssh-auth-sock /private/tmp/com.apple.launchd.wljtSgOTcD/Listeners, :http-nonproxyhosts local|*.local|169.254/16|*.169.254/16, :user-name daplay, :- /usr/bin/java, :dotfiles /Users/daplay/workspace/dotfiles, :ftp-nonproxyhosts local|*.local|169.254/16|*.169.254/16, :tools /Users/daplay/tools, :user-home /Users/daplay, :sun-cpu-endian little, :mailgun-key 7Lfm_n0UAAAAAKvkJKk8sT-Wi6i-Rc6aK74yb86y, :java-specification-vendor Oracle Corporation, :taskrc /Users/daplay/workspace/dotfiles/environment/config/task/taskrc, :lein-home /Users/daplay/.lein, :java-endorsed-dirs /Library/Java/JavaVirtualMachines/jdk1.8.0_151.jdk/Contents/Home/jre/lib/endorsed, :java-vendor Oracle Corporation, :colorterm truecolor, :nvm-bin /Users/daplay/.nvm/versions/node/v8.9.1/bin, :port 3000, :sun-os-patch-level unknown, :logname daplay, :sun-io-unicode-encoding UnicodeBig, :java-io-tmpdir /var/folders/kq/b2k19tvd3n50__vy3d4x4jz40000gn/T/, :lein-jvm-opts -Xverify:none -XX:+TieredCompilation -XX:TieredStopAtLevel=1, :sun-boot-library-path /Library/Java/JavaVirtualMachines/jdk1.8.0_151.jdk/Contents/Home/jre/lib, :nrepl-port 7000, :tmux-plugin-manager-path /Users/daplay/.tmux/plugins/, :com.apple.java.jvmtask CommandLine, :java-specification-name Java Platform API Specification, :java-runtime-version 1.8.0_151-b12, :lc-all en, :java-awt-graphicsenv sun.awt.CGraphicsEnvironment, :clojure-debug false, :java-main-class-15015 clojure.main, :lang en_US.UTF-8, :term screen-256color, :java-tool-options -Dfile.encoding=UTF8 -Duser.country=US -Duser.language=en, :java-class-version 52.0, :vimwiki /Users/daplay/vimwiki, :java-library-path /Users/daplay/Library/Java/Extensions:/Library/Java/Extensions:/Network/Library/Java/Extensions:/System/Library/Java/Extensions:/usr/lib/java:., :os-version 10.13.6, :xpc-flags 0x0, :sun-java-launcher SUN_STANDARD, :java-version 1.8.0_151, :colorfgbg 7, :xpc-service-name 0, : {:cf-user-text-encoding 0x1F5:0x0:0x1}, :captcha_private_key 7Lfm_n0UAAAAAKvkJKk8sT-Wi6i-Rc6aK74yb86y, :java-arch x86_64, :term-program iTerm.app, :awt-toolkit sun.lwawt.macosx.LWCToolkit, :term-session-id w0t0p0:9CCD2803-583D-4B93-914B-3A3FDF32C558, :file-encoding-pkg sun.io, :nvm-dir /Users/daplay/.nvm, :java-vm-version 25.151-b12, :sdkman-dir /Users/daplay/.sdkman, :line-separator 
, :tmux-pane %88, :nvm-cd-flags , :java-vm-info mixed mode, :editor nvim, :lein-version 2.8.1, :java-main-class-15017 clojure.main, :user-dir /Users/daplay/workspace/franiwalksdogs, :java-vm-vendor Oracle Corporation, :apple-pubsub-socket-render /private/tmp/com.apple.launchd.v4OB6btSgu/Render, :display /private/tmp/com.apple.launchd.AX6bSb4Stj/org.macosforge.xquartz:0, :java-specification-version 1.8, :path-separator :, :grails-home /Users/daplay/.sdkman/candidates/grails/current, :java-awt-printerjob sun.lwawt.macosx.CPrinterJob, :tmux /tmp//tmux-501/default,16791,0, :term-program-version 3.2.5, :sun-arch-data-model 64, :sun-cpu-isalist , :sdkman-current-api https://api.sdkman.io/2, :os-name Mac OS X, :user-timezone America/Los_Angeles, :sdkman-legacy-api https://api.sdkman.io/1, :java-vm-name Java HotSpot(TM) 64-Bit Server VM, :java-vm-specification-version 1.8, :shell /bin/bash, :jvm-opts , :conf dev-config.edn, :user daplay, :file-encoding UTF-8, :os-arch x86_64, :sdkman-version 5.5.15+284, :java-vendor-url-bug http://bugreport.sun.com/bugreport/, :sun-jnu-encoding UTF-8, :sdkman-candidates-dir /Users/daplay/.sdkman/candidates, :java-home /Library/Java/JavaVirtualMachines/jdk1.8.0_151.jdk/Contents/Home/jre, :java-vm-specification-vendor Oracle Corporation, :sdkman-platform Darwin} 
2018-12-01 23:45:41,431 [main] INFO  franiwalksdogs.core - hola daniel: `(env :captcha-private-key  )`:  
2018-12-01 23:45:41,432 [main] INFO  franiwalksdogs.core - hola daniel: `(env :mailgun-key  )`: 7Lfm_n0UAAAAAKvkJKk8sT-Wi6i-Rc6aK74yb86y 
2018-12-01 23:45:41,460 [main] INFO  franiwalksdogs.env - 
-=[franiwalksdogs started successfully using the development profile]=- 
2018-12-01 23:45:41,575 [main] INFO  luminus.http-server - starting HTTP server on port 3000 
2018-12-01 23:45:41,640 [main] DEBUG io.undertow - starting undertow server io.undertow.Undertow@7da00771 
2018-12-01 23:45:41,652 [main] INFO  org.xnio - XNIO version 3.3.6.Final 
2018-12-01 23:45:41,791 [main] DEBUG io.undertow - Configuring listener with protocol HTTP for interface 0.0.0.0 and port 3000 
2018-12-01 23:45:41,835 [main] INFO  org.projectodd.wunderboss.web.Web - Registered web context / 
2018-12-01 23:45:41,836 [main] INFO  franiwalksdogs.nrepl - starting nREPL server on port 7000 
2018-12-01 23:45:41,861 [main] WARN  franiwalksdogs.db.core - database connection URL was not found, please set :database-url in your config, e.g: dev-config.edn 
2018-12-01 23:45:41,862 [main] INFO  franiwalksdogs.core - #'franiwalksdogs.handler/init-app started 
2018-12-01 23:45:41,862 [main] INFO  franiwalksdogs.core - #'franiwalksdogs.handler/app started 
2018-12-01 23:45:41,862 [main] INFO  franiwalksdogs.core - #'franiwalksdogs.core/http-server started 
2018-12-01 23:45:41,862 [main] INFO  franiwalksdogs.core - #'franiwalksdogs.core/repl-server started 
2018-12-01 23:45:41,862 [main] INFO  franiwalksdogs.core - #'franiwalksdogs.db.core/*db* started 
2018-12-01 23:50:15,858 [Thread-2] INFO  franiwalksdogs.nrepl - nREPL server stopped 
2018-12-01 23:50:15,859 [Thread-2] DEBUG org.projectodd.wunderboss.WunderBoss - Returning existing component for org.projectodd.wunderboss.web.Web:-808539248, ignoring options. 
2018-12-01 23:50:15,862 [Thread-2] DEBUG io.undertow - stopping undertow server io.undertow.Undertow@7da00771 
2018-12-01 23:50:15,866 [Thread-2] INFO  luminus.http-server - HTTP server stopped 
2018-12-01 23:50:15,867 [Thread-2] INFO  franiwalksdogs.env - 
-=[franiwalksdogs has shut down successfully]=- 
2018-12-01 23:50:15,868 [Thread-2] INFO  franiwalksdogs.core - #'franiwalksdogs.db.core/*db* stopped 
2018-12-01 23:50:15,868 [Thread-2] INFO  franiwalksdogs.core - #'franiwalksdogs.core/repl-server stopped 
2018-12-01 23:50:15,868 [Thread-2] INFO  franiwalksdogs.core - #'franiwalksdogs.core/http-server stopped 
2018-12-01 23:50:15,868 [Thread-2] INFO  franiwalksdogs.core - #'franiwalksdogs.handler/init-app stopped 
2018-12-01 23:50:35,378 [main] DEBUG org.jboss.logging - Logging Provider: org.jboss.logging.Slf4jLoggerProvider 
2018-12-01 23:50:37,412 [main] DEBUG franiwalksdogs.core - hola daniel: env: {:java-class-path /Users/daplay/workspace/franiwalksdogs/test/clj:/Users/daplay/workspace/franiwalksdogs/env/dev/clj:/Users/daplay/workspace/franiwalksdogs/src/clj:/Users/daplay/workspace/franiwalksdogs/src/cljs:/Users/daplay/workspace/franiwalksdogs/src/cljc:/Users/daplay/workspace/franiwalksdogs/env/dev/resources:/Users/daplay/workspace/franiwalksdogs/dev-resources:/Users/daplay/workspace/franiwalksdogs/resources:/Users/daplay/workspace/franiwalksdogs/target/cljsbuild:/Users/daplay/workspace/franiwalksdogs/target/default/classes:/Users/daplay/.m2/repository/com/fasterxml/jackson/datatype/jackson-datatype-jdk8/2.9.7/jackson-datatype-jdk8-2.9.7.jar:/Users/daplay/.m2/repository/org/apache/httpcomponents/httpclient/4.5.5/httpclient-4.5.5.jar:/Users/daplay/.m2/repository/ring/ring-core/1.7.1/ring-core-1.7.1.jar:/Users/daplay/.m2/repository/reagent/reagent/0.8.1/reagent-0.8.1.jar:/Users/daplay/.m2/repository/luminus-migrations/luminus-migrations/0.6.1/luminus-migrations-0.6.1.jar:/Users/daplay/.m2/repository/org/checkerframework/checker-qual/2.0.0/checker-qual-2.0.0.jar:/Users/daplay/.m2/repository/commons-io/commons-io/2.6/commons-io-2.6.jar:/Users/daplay/.m2/repository/org/tobereplaced/lettercase/1.0.0/lettercase-1.0.0.jar:/Users/daplay/.m2/repository/mount/mount/0.1.14/mount-0.1.14.jar:/Users/daplay/.m2/repository/funcool/cuerdas/2.0.5/cuerdas-2.0.5.jar:/Users/daplay/.m2/repository/cprop/cprop/0.1.13/cprop-0.1.13.jar:/Users/daplay/.m2/repository/com/layerware/hugsql/0.4.9/hugsql-0.4.9.jar:/Users/daplay/.m2/repository/org/msgpack/msgpack/0.6.12/msgpack-0.6.12.jar:/Users/daplay/.m2/repository/instaparse/instaparse/1.4.8/instaparse-1.4.8.jar:/Users/daplay/.m2/repository/org/apache/httpcomponents/httpcore-nio/4.4.6/httpcore-nio-4.4.6.jar:/Users/daplay/.m2/repository/migratus/migratus/1.1.7/migratus-1.1.7.jar:/Users/daplay/.m2/repository/tigris/tigris/0.1.1/tigris-0.1.1.jar:/Users/daplay/.m2/repository/org/projectodd/wunderboss/wunderboss-web/0.13.1/wunderboss-web-0.13.1.jar:/Users/daplay/.m2/repository/net/java/dev/jna/jna/3.2.2/jna-3.2.2.jar:/Users/daplay/.m2/repository/com/fasterxml/jackson/core/jackson-core/2.9.7/jackson-core-2.9.7.jar:/Users/daplay/.m2/repository/potemkin/potemkin/0.4.5/potemkin-0.4.5.jar:/Users/daplay/.m2/repository/cljsjs/react-transition-group/2.4.0-0/react-transition-group-2.4.0-0.jar:/Users/daplay/.m2/repository/clj-http/clj-http/3.9.1/clj-http-3.9.1.jar:/Users/daplay/.m2/repository/org/clojure/tools.macro/0.1.5/tools.macro-0.1.5.jar:/Users/daplay/.m2/repository/ch/qos/logback/logback-classic/1.1.3/logback-classic-1.1.3.jar:/Users/daplay/.m2/repository/metosin/muuntaja/0.6.1/muuntaja-0.6.1.jar:/Users/daplay/.m2/repository/com/cognitect/transit-clj/0.8.313/transit-clj-0.8.313.jar:/Users/daplay/.m2/repository/org/projectodd/wunderboss/wunderboss-core/0.13.1/wunderboss-core-0.13.1.jar:/Users/daplay/.m2/repository/figwheel/figwheel/0.5.17/figwheel-0.5.17.jar:/Users/daplay/.m2/repository/com/zaxxer/HikariCP/3.2.0/HikariCP-3.2.0.jar:/Users/daplay/.m2/repository/org/slf4j/slf4j-api/1.7.25/slf4j-api-1.7.25.jar:/Users/daplay/.m2/repository/cljsjs/react-dom-server/16.3.2-0/react-dom-server-16.3.2-0.jar:/Users/daplay/.m2/repository/meta-merge/meta-merge/1.0.0/meta-merge-1.0.0.jar:/Users/daplay/.m2/repository/nrepl/bencode/1.0.0/bencode-1.0.0.jar:/Users/daplay/.m2/repository/joda-time/joda-time/2.9.9/joda-time-2.9.9.jar:/Users/daplay/.m2/repository/ring/ring-headers/0.3.0/ring-headers-0.3.0.jar:/Users/daplay/.m2/repository/cljsjs/create-react-class/15.6.3-0/create-react-class-15.6.3-0.jar:/Users/daplay/.m2/repository/com/google/code/gson/gson/2.7/gson-2.7.jar:/Users/daplay/.m2/repository/org/clojure/java.jdbc/0.7.7/java.jdbc-0.7.7.jar:/Users/daplay/.m2/repository/pjstadig/humane-test-output/0.9.0/humane-test-output-0.9.0.jar:/Users/daplay/.m2/repository/compojure/compojure/1.6.1/compojure-1.6.1.jar:/Users/daplay/.m2/repository/javax/xml/bind/jaxb-api/2.3.0/jaxb-api-2.3.0.jar:/Users/daplay/.m2/repository/com/stuartsierra/component/0.3.2/component-0.3.2.jar:/Users/daplay/.m2/repository/expound/expound/0.7.1/expound-0.7.1.jar:/Users/daplay/.m2/repository/ring/ring-ssl/0.3.0/ring-ssl-0.3.0.jar:/Users/daplay/.m2/repository/com/fasterxml/jackson/datatype/jackson-datatype-jsr310/2.9.7/jackson-datatype-jsr310-2.9.7.jar:/Users/daplay/.m2/repository/org/projectodd/wunderboss/wunderboss-web-undertow/0.13.1/wunderboss-web-undertow-0.13.1.jar:/Users/daplay/.m2/repository/commons-fileupload/commons-fileupload/1.3.3/commons-fileupload-1.3.3.jar:/Users/daplay/.m2/repository/io/undertow/undertow-core/1.4.14.Final/undertow-core-1.4.14.Final.jar:/Users/daplay/.m2/repository/prone/prone/1.6.1/prone-1.6.1.jar:/Users/daplay/.m2/repository/org/clojure/tools.analyzer/0.6.9/tools.analyzer-0.6.9.jar:/Users/daplay/.m2/repository/metosin/jsonista/0.2.2/jsonista-0.2.2.jar:/Users/daplay/.m2/repository/org/jboss/spec/javax/servlet/jboss-servlet-api_3.1_spec/1.0.0.Final/jboss-servlet-api_3.1_spec-1.0.0.Final.jar:/Users/daplay/.m2/repository/org/clojure/core.async/0.4.474/core.async-0.4.474.jar:/Users/daplay/.m2/repository/net/jodah/expiringmap/0.5.8/expiringmap-0.5.8.jar:/Users/daplay/.m2/repository/ring/ring-mock/0.3.2/ring-mock-0.3.2.jar:/Users/daplay/.m2/repository/org/clojure/tools.nrepl/0.2.12/tools.nrepl-0.2.12.jar:/Users/daplay/.m2/repository/cider/piggieback/0.3.10/piggieback-0.3.10.jar:/Users/daplay/.m2/repository/com/google/javascript/closure-compiler-unshaded/v20180805/closure-compiler-unshaded-v20180805.jar:/Users/daplay/.m2/repository/net/cgrand/regex/1.1.0/regex-1.1.0.jar:/Users/daplay/.m2/repository/org/immutant/core/2.1.9/core-2.1.9.jar:/Users/daplay/.m2/repository/org/ow2/asm/asm/5.1/asm-5.1.jar:/Users/daplay/.m2/repository/org/jboss/spec/javax/websocket/jboss-websocket-api_1.1_spec/1.1.0.Final/jboss-websocket-api_1.1_spec-1.1.0.Final.jar:/Users/daplay/.m2/repository/io/undertow/undertow-websockets-jsr/1.4.14.Final/undertow-websockets-jsr-1.4.14.Final.jar:/Users/daplay/.m2/repository/com/google/errorprone/error_prone_annotations/2.0.18/error_prone_annotations-2.0.18.jar:/Users/daplay/.m2/repository/ns-tracker/ns-tracker/0.3.1/ns-tracker-0.3.1.jar:/Users/daplay/.m2/repository/clojure-complete/clojure-complete/0.2.4/clojure-complete-0.2.4.jar:/Users/daplay/.m2/repository/org/clojure/google-closure-library/0.0-20170809-b9c14c6b/google-closure-library-0.0-20170809-b9c14c6b.jar:/Users/daplay/.m2/repository/org/apache/httpcomponents/httpasyncclient/4.1.3/httpasyncclient-4.1.3.jar:/Users/daplay/.m2/repository/org/clojure/java.classpath/0.2.3/java.classpath-0.2.3.jar:/Users/daplay/.m2/repository/org/clojure/tools.cli/0.4.1/tools.cli-0.4.1.jar:/Users/daplay/.m2/repository/com/fasterxml/jackson/dataformat/jackson-dataformat-cbor/2.8.6/jackson-dataformat-cbor-2.8.6.jar:/Users/daplay/.m2/repository/com/google/javascript/closure-compiler-externs/v20180805/closure-compiler-externs-v20180805.jar:/Users/daplay/.m2/repository/com/google/guava/guava/25.1-jre/guava-25.1-jre.jar:/Users/daplay/.m2/repository/cljsjs/react-dom/16.3.2-0/react-dom-16.3.2-0.jar:/Users/daplay/.m2/repository/org/clojure/tools.reader/1.3.0/tools.reader-1.3.0.jar:/Users/daplay/.m2/repository/org/apache/httpcomponents/httpcore/4.4.6/httpcore-4.4.6.jar:/Users/daplay/.m2/repository/com/google/protobuf/protobuf-java/3.6.1/protobuf-java-3.6.1.jar:/Users/daplay/.m2/repository/medley/medley/1.0.0/medley-1.0.0.jar:/Users/daplay/.m2/repository/crypto-equality/crypto-equality/1.0.0/crypto-equality-1.0.0.jar:/Users/daplay/.m2/repository/com/fasterxml/jackson/core/jackson-databind/2.9.7/jackson-databind-2.9.7.jar:/Users/daplay/.m2/repository/org/immutant/web/2.1.9/web-2.1.9.jar:/Users/daplay/.m2/repository/org/clojure/clojure/1.9.0/clojure-1.9.0.jar:/Users/daplay/.m2/repository/org/jboss/xnio/xnio-api/3.3.6.Final/xnio-api-3.3.6.Final.jar:/Users/daplay/.m2/repository/org/projectodd/wunderboss/wunderboss-clojure/0.13.1/wunderboss-clojure-0.13.1.jar:/Users/daplay/.m2/repository/luminus-transit/luminus-transit/0.1.1/luminus-transit-0.1.1.jar:/Users/daplay/.m2/repository/org/jboss/xnio/xnio-nio/3.3.6.Final/xnio-nio-3.3.6.Final.jar:/Users/daplay/.m2/repository/commons-codec/commons-codec/1.11/commons-codec-1.11.jar:/Users/daplay/.m2/repository/org/apache/httpcomponents/httpmime/4.5.5/httpmime-4.5.5.jar:/Users/daplay/.m2/repository/org/clojure/core.memoize/0.5.9/core.memoize-0.5.9.jar:/Users/daplay/.m2/repository/http-kit/http-kit/2.3.0/http-kit-2.3.0.jar:/Users/daplay/.m2/repository/cljsjs/popperjs/1.14.3-1/popperjs-1.14.3-1.jar:/Users/daplay/.m2/repository/suspendable/suspendable/0.1.1/suspendable-0.1.1.jar:/Users/daplay/.m2/repository/doo/doo/0.1.11/doo-0.1.11.jar:/Users/daplay/.m2/repository/com/cognitect/transit-js/0.8.846/transit-js-0.8.846.jar:/Users/daplay/.m2/repository/org/clojure/google-closure-library-third-party/0.0-20170809-b9c14c6b/google-closure-library-third-party-0.0-20170809-b9c14c6b.jar:/Users/daplay/.m2/repository/simple-lein-profile-merge/simple-lein-profile-merge/0.1.4/simple-lein-profile-merge-0.1.4.jar:/Users/daplay/.m2/repository/cljs-ajax/cljs-ajax/0.8.0/cljs-ajax-0.8.0.jar:/Users/daplay/.m2/repository/org/codehaus/mojo/animal-sniffer-annotations/1.14/animal-sniffer-annotations-1.14.jar:/Users/daplay/.m2/repository/args4j/args4j/2.0.26/args4j-2.0.26.jar:/Users/daplay/.m2/repository/cljsjs/react-popper/0.10.4-0/react-popper-0.10.4-0.jar:/Users/daplay/.m2/repository/com/google/j2objc/j2objc-annotations/1.1/j2objc-annotations-1.1.jar:/Users/daplay/.m2/repository/com/googlecode/json-simple/json-simple/1.1.1/json-simple-1.1.1.jar:/Users/daplay/.m2/repository/hiccup/hiccup/1.0.5/hiccup-1.0.5.jar:/Users/daplay/.m2/repository/clout/clout/2.2.1/clout-2.2.1.jar:/Users/daplay/.m2/repository/clj-tuple/clj-tuple/0.2.2/clj-tuple-0.2.2.jar:/Users/daplay/.m2/repository/luminus-immutant/luminus-immutant/0.2.4/luminus-immutant-0.2.4.jar:/Users/daplay/.m2/repository/com/layerware/hugsql-core/0.4.9/hugsql-core-0.4.9.jar:/Users/daplay/.m2/repository/com/stuartsierra/dependency/0.2.0/dependency-0.2.0.jar:/Users/daplay/.m2/repository/clj-time/clj-time/0.14.3/clj-time-0.14.3.jar:/Users/daplay/.m2/repository/conman/conman/0.8.3/conman-0.8.3.jar:/Users/daplay/.m2/repository/json-html/json-html/0.4.4/json-html-0.4.4.jar:/Users/daplay/.m2/repository/slingshot/slingshot/0.12.2/slingshot-0.12.2.jar:/Users/daplay/.m2/repository/selmer/selmer/1.12.5/selmer-1.12.5.jar:/Users/daplay/.m2/repository/cheshire/cheshire/5.7.1/cheshire-5.7.1.jar:/Users/daplay/.m2/repository/hawk/hawk/0.2.11/hawk-0.2.11.jar:/Users/daplay/.m2/repository/org/clojure/core.specs.alpha/0.1.24/core.specs.alpha-0.1.24.jar:/Users/daplay/.m2/repository/org/clojure/tools.logging/0.4.1/tools.logging-0.4.1.jar:/Users/daplay/.m2/repository/hikari-cp/hikari-cp/2.6.0/hikari-cp-2.6.0.jar:/Users/daplay/.m2/repository/org/jboss/spec/javax/annotation/jboss-annotations-api_1.2_spec/1.0.0.Final/jboss-annotations-api_1.2_spec-1.0.0.Final.jar:/Users/daplay/.m2/repository/figwheel-sidecar/figwheel-sidecar/0.5.17/figwheel-sidecar-0.5.17.jar:/Users/daplay/.m2/repository/net/cgrand/sjacket/0.1.1/sjacket-0.1.1.jar:/Users/daplay/.m2/repository/org/clojure/tools.analyzer.jvm/0.7.0/tools.analyzer.jvm-0.7.0.jar:/Users/daplay/.m2/repository/ring/ring-devel/1.7.1/ring-devel-1.7.1.jar:/Users/daplay/.m2/repository/org/clojure/tools.namespace/0.2.11/tools.namespace-0.2.11.jar:/Users/daplay/.m2/repository/com/carouselapps/to-jdbc-uri/0.5.0/to-jdbc-uri-0.5.0.jar:/Users/daplay/.m2/repository/org/ow2/asm/asm-all/4.2/asm-all-4.2.jar:/Users/daplay/.m2/repository/metosin/ring-http-response/0.9.1/ring-http-response-0.9.1.jar:/Users/daplay/.m2/repository/org/clojure/data.json/0.2.6/data.json-0.2.6.jar:/Users/daplay/.m2/repository/org/clojure/data.priority-map/0.0.7/data.priority-map-0.0.7.jar:/Users/daplay/.m2/repository/expiring-map/expiring-map/0.1.8/expiring-map-0.1.8.jar:/Users/daplay/.m2/repository/com/fasterxml/jackson/dataformat/jackson-dataformat-smile/2.8.6/jackson-dataformat-smile-2.8.6.jar:/Users/daplay/.m2/repository/com/cognitect/transit-java/0.8.337/transit-java-0.8.337.jar:/Users/daplay/.m2/repository/secretary/secretary/1.2.3/secretary-1.2.3.jar:/Users/daplay/.m2/repository/com/layerware/hugsql-adapter-clojure-java-jdbc/0.4.9/hugsql-adapter-clojure-java-jdbc-0.4.9.jar:/Users/daplay/.m2/repository/virgil/virgil/0.1.6/virgil-0.1.6.jar:/Users/daplay/.m2/repository/com/layerware/hugsql-adapter/0.4.9/hugsql-adapter-0.4.9.jar:/Users/daplay/.m2/repository/luminus/ring-ttl-session/0.3.2/ring-ttl-session-0.3.2.jar:/Users/daplay/.m2/repository/org/mozilla/rhino/1.7R5/rhino-1.7R5.jar:/Users/daplay/.m2/repository/crypto-random/crypto-random/1.2.0/crypto-random-1.2.0.jar:/Users/daplay/.m2/repository/javax/servlet/javax.servlet-api/3.1.0/javax.servlet-api-3.1.0.jar:/Users/daplay/.m2/repository/co/deps/ring-etag-middleware/0.2.0/ring-etag-middleware-0.2.0.jar:/Users/daplay/.m2/repository/karma-reporter/karma-reporter/3.1.0/karma-reporter-3.1.0.jar:/Users/daplay/.m2/repository/riddley/riddley/0.1.12/riddley-0.1.12.jar:/Users/daplay/.m2/repository/org/clojure/core.rrb-vector/0.0.11/core.rrb-vector-0.0.11.jar:/Users/daplay/.m2/repository/fipp/fipp/0.6.12/fipp-0.6.12.jar:/Users/daplay/.m2/repository/commons-logging/commons-logging/1.2/commons-logging-1.2.jar:/Users/daplay/.m2/repository/mysql/mysql-connector-java/8.0.12/mysql-connector-java-8.0.12.jar:/Users/daplay/.m2/repository/org/apache/httpcomponents/httpclient-cache/4.5.5/httpclient-cache-4.5.5.jar:/Users/daplay/.m2/repository/com/cognitect/transit-cljs/0.8.256/transit-cljs-0.8.256.jar:/Users/daplay/.m2/repository/com/google/jsinterop/jsinterop-annotations/1.0.0/jsinterop-annotations-1.0.0.jar:/Users/daplay/.m2/repository/io/undertow/undertow-servlet/1.4.14.Final/undertow-servlet-1.4.14.Final.jar:/Users/daplay/.m2/repository/cljsjs/react/16.3.2-0/react-16.3.2-0.jar:/Users/daplay/.m2/repository/strictly-specking-standalone/strictly-specking-standalone/0.1.1/strictly-specking-standalone-0.1.1.jar:/Users/daplay/.m2/repository/binaryage/devtools/0.9.10/devtools-0.9.10.jar:/Users/daplay/.m2/repository/com/fasterxml/jackson/core/jackson-annotations/2.9.0/jackson-annotations-2.9.0.jar:/Users/daplay/.m2/repository/ch/qos/logback/logback-core/1.1.3/logback-core-1.1.3.jar:/Users/daplay/.m2/repository/com/andrewmcveigh/cljs-time/0.5.2/cljs-time-0.5.2.jar:/Users/daplay/.m2/repository/org/jboss/logging/jboss-logging/3.2.1.Final/jboss-logging-3.2.1.Final.jar:/Users/daplay/.m2/repository/ring/ring-anti-forgery/1.3.0/ring-anti-forgery-1.3.0.jar:/Users/daplay/.m2/repository/org/clojure/clojurescript/1.10.439/clojurescript-1.10.439.jar:/Users/daplay/.m2/repository/realize/realize/1.1.0/realize-1.1.0.jar:/Users/daplay/.m2/repository/cljsjs/prop-types/15.6.1-0/prop-types-15.6.1-0.jar:/Users/daplay/.m2/repository/com/google/code/findbugs/jsr305/3.0.1/jsr305-3.0.1.jar:/Users/daplay/.m2/repository/net/cgrand/parsley/0.9.3/parsley-0.9.3.jar:/Users/daplay/.m2/repository/binaryage/env-config/0.2.2/env-config-0.2.2.jar:/Users/daplay/.m2/repository/org/javassist/javassist/3.18.1-GA/javassist-3.18.1-GA.jar:/Users/daplay/.m2/repository/funcool/struct/1.3.0/struct-1.3.0.jar:/Users/daplay/.m2/repository/net/incongru/watchservice/barbary-watchservice/1.0/barbary-watchservice-1.0.jar:/Users/daplay/.m2/repository/nrepl/nrepl/0.4.5/nrepl-0.4.5.jar:/Users/daplay/.m2/repository/ring/ring-codec/1.1.0/ring-codec-1.1.0.jar:/Users/daplay/.m2/repository/org/clojure/core.cache/0.6.5/core.cache-0.6.5.jar:/Users/daplay/.m2/repository/clojure/java-time/clojure.java-time/0.3.2/clojure.java-time-0.3.2.jar:/Users/daplay/.m2/repository/ring-cors/ring-cors/0.1.12/ring-cors-0.1.12.jar:/Users/daplay/.m2/repository/ring/ring-defaults/0.3.2/ring-defaults-0.3.2.jar:/Users/daplay/.m2/repository/markdown-clj/markdown-clj/1.0.5/markdown-clj-1.0.5.jar:/Users/daplay/.m2/repository/com/cemerick/clojurescript.test/0.2.3-SNAPSHOT/clojurescript.test-0.2.3-SNAPSHOT.jar:/Users/daplay/.m2/repository/org/clojure/spec.alpha/0.1.143/spec.alpha-0.1.143.jar:/Users/daplay/.m2/repository/clj-stacktrace/clj-stacktrace/0.2.8/clj-stacktrace-0.2.8.jar, :lein-java-cmd java, :path /Users/daplay/.yarn/bin:/Users/daplay/.config/yarn/global/node_modules/.bin:/Users/daplay/workspace/dotfiles/environment/bin:/usr/local/bin:/usr/bin:/bin:/usr/sbin:/sbin:/opt/X11/bin:/Users/daplay/.yarn/bin:/Users/daplay/.config/yarn/global/node_modules/.bin:/Users/daplay/.nvm/versions/node/v8.9.1/bin:/Users/daplay/.sdkman/candidates/maven/current/bin:/Users/daplay/.sdkman/candidates/groovy/current/bin:/Users/daplay/.sdkman/candidates/grails/current/bin:/Users/daplay/.sdkman/candidates/gradle/current/bin:/Users/daplay/workspace/dotfiles/environment/bin, :securitysessionid 186aa, :iterm-profile Default, :downloads /Users/daplay/downloads, :tmpdir /var/folders/kq/b2k19tvd3n50__vy3d4x4jz40000gn/T/, :sun-management-compiler HotSpot 64-Bit Tiered Compilers, :java-vendor-url http://java.oracle.com/, :workspace /Users/daplay/workspace, :franiwalksdogs-version 0.1.0-SNAPSHOT, :iterm-session-id w0t0p0:9CCD2803-583D-4B93-914B-3A3FDF32C558, :home /Users/daplay, :user-country US, :command-mode unix2003, :maven-home /Users/daplay/.sdkman/candidates/maven/current, :shlvl 4, :user-language en, :clojure-compile-path /Users/daplay/workspace/franiwalksdogs/target/default/classes, :java-ext-dirs /Users/daplay/Library/Java/Extensions:/Library/Java/JavaVirtualMachines/jdk1.8.0_151.jdk/Contents/Home/jre/lib/ext:/Library/Java/Extensions:/Network/Library/Java/Extensions:/System/Library/Java/Extensions:/usr/lib/java, :trampoline-file /tmp/lein-trampoline-VDVqdPIskhdKT, :java-vm-specification-name Java Virtual Machine Specification, :java-cmd java, :sun-java-command clojure.main -i /private/var/folders/kq/b2k19tvd3n50__vy3d4x4jz40000gn/T/form-init8943558185781986542.clj, :pwd /Users/daplay/workspace/franiwalksdogs, :java-runtime-name Java(TM) SE Runtime Environment, :sun-boot-class-path /Library/Java/JavaVirtualMachines/jdk1.8.0_151.jdk/Contents/Home/jre/lib/resources.jar:/Library/Java/JavaVirtualMachines/jdk1.8.0_151.jdk/Contents/Home/jre/lib/rt.jar:/Library/Java/JavaVirtualMachines/jdk1.8.0_151.jdk/Contents/Home/jre/lib/sunrsasign.jar:/Library/Java/JavaVirtualMachines/jdk1.8.0_151.jdk/Contents/Home/jre/lib/jsse.jar:/Library/Java/JavaVirtualMachines/jdk1.8.0_151.jdk/Contents/Home/jre/lib/jce.jar:/Library/Java/JavaVirtualMachines/jdk1.8.0_151.jdk/Contents/Home/jre/lib/charsets.jar:/Library/Java/JavaVirtualMachines/jdk1.8.0_151.jdk/Contents/Home/jre/lib/jfr.jar:/Library/Java/JavaVirtualMachines/jdk1.8.0_151.jdk/Contents/Home/jre/classes, :gopherproxyset false, :gradle-home /Users/daplay/.sdkman/candidates/gradle/current, :file-separator /, :socksnonproxyhosts local|*.local|169.254/16|*.169.254/16, :groovy-home /Users/daplay/.sdkman/candidates/groovy/current, :ssh-auth-sock /private/tmp/com.apple.launchd.wljtSgOTcD/Listeners, :http-nonproxyhosts local|*.local|169.254/16|*.169.254/16, :user-name daplay, :- /usr/bin/java, :dotfiles /Users/daplay/workspace/dotfiles, :ftp-nonproxyhosts local|*.local|169.254/16|*.169.254/16, :tools /Users/daplay/tools, :user-home /Users/daplay, :sun-cpu-endian little, :mailgun-key key-0-gj-ex8zj2nn0mu738rp882lzudbfm4, :java-specification-vendor Oracle Corporation, :taskrc /Users/daplay/workspace/dotfiles/environment/config/task/taskrc, :lein-home /Users/daplay/.lein, :java-endorsed-dirs /Library/Java/JavaVirtualMachines/jdk1.8.0_151.jdk/Contents/Home/jre/lib/endorsed, :java-vendor Oracle Corporation, :colorterm truecolor, :nvm-bin /Users/daplay/.nvm/versions/node/v8.9.1/bin, :port 3000, :sun-os-patch-level unknown, :logname daplay, :sun-io-unicode-encoding UnicodeBig, :java-io-tmpdir /var/folders/kq/b2k19tvd3n50__vy3d4x4jz40000gn/T/, :lein-jvm-opts -Xverify:none -XX:+TieredCompilation -XX:TieredStopAtLevel=1, :sun-boot-library-path /Library/Java/JavaVirtualMachines/jdk1.8.0_151.jdk/Contents/Home/jre/lib, :nrepl-port 7000, :tmux-plugin-manager-path /Users/daplay/.tmux/plugins/, :com.apple.java.jvmtask CommandLine, :java-specification-name Java Platform API Specification, :java-runtime-version 1.8.0_151-b12, :lc-all en, :java-awt-graphicsenv sun.awt.CGraphicsEnvironment, :clojure-debug false, :lang en_US.UTF-8, :term screen-256color, :java-tool-options -Dfile.encoding=UTF8 -Duser.country=US -Duser.language=en, :java-class-version 52.0, :vimwiki /Users/daplay/vimwiki, :java-library-path /Users/daplay/Library/Java/Extensions:/Library/Java/Extensions:/Network/Library/Java/Extensions:/System/Library/Java/Extensions:/usr/lib/java:., :os-version 10.13.6, :xpc-flags 0x0, :sun-java-launcher SUN_STANDARD, :java-version 1.8.0_151, :colorfgbg 7, :xpc-service-name 0, : {:cf-user-text-encoding 0x1F5:0x0:0x1}, :captcha_private_key 6Lfm_n0UAAAAAKvkJKk8sT-Wi6i-Rc6aK74yb86y, :java-arch x86_64, :term-program iTerm.app, :awt-toolkit sun.lwawt.macosx.LWCToolkit, :term-session-id w0t0p0:9CCD2803-583D-4B93-914B-3A3FDF32C558, :file-encoding-pkg sun.io, :nvm-dir /Users/daplay/.nvm, :java-vm-version 25.151-b12, :sdkman-dir /Users/daplay/.sdkman, :line-separator 
, :tmux-pane %88, :nvm-cd-flags , :java-vm-info mixed mode, :editor nvim, :lein-version 2.8.1, :user-dir /Users/daplay/workspace/franiwalksdogs, :java-vm-vendor Oracle Corporation, :apple-pubsub-socket-render /private/tmp/com.apple.launchd.v4OB6btSgu/Render, :display /private/tmp/com.apple.launchd.AX6bSb4Stj/org.macosforge.xquartz:0, :java-specification-version 1.8, :path-separator :, :grails-home /Users/daplay/.sdkman/candidates/grails/current, :java-awt-printerjob sun.lwawt.macosx.CPrinterJob, :tmux /tmp//tmux-501/default,16791,0, :term-program-version 3.2.5, :sun-arch-data-model 64, :sun-cpu-isalist , :java-main-class-15422 clojure.main, :sdkman-current-api https://api.sdkman.io/2, :os-name Mac OS X, :user-timezone America/Los_Angeles, :sdkman-legacy-api https://api.sdkman.io/1, :java-vm-name Java HotSpot(TM) 64-Bit Server VM, :java-vm-specification-version 1.8, :shell /bin/bash, :jvm-opts , :conf dev-config.edn, :user daplay, :file-encoding UTF-8, :os-arch x86_64, :sdkman-version 5.5.15+284, :java-vendor-url-bug http://bugreport.sun.com/bugreport/, :sun-jnu-encoding UTF-8, :sdkman-candidates-dir /Users/daplay/.sdkman/candidates, :java-home /Library/Java/JavaVirtualMachines/jdk1.8.0_151.jdk/Contents/Home/jre, :java-main-class-15420 clojure.main, :java-vm-specification-vendor Oracle Corporation, :sdkman-platform Darwin} 
2018-12-01 23:50:37,414 [main] DEBUG franiwalksdogs.core - hola daniel: `(env :captcha-private-key  )`:  
2018-12-01 23:50:37,414 [main] DEBUG franiwalksdogs.core - hola daniel: `(env :mailgun-key  )`: key-0-gj-ex8zj2nn0mu738rp882lzudbfm4 
2018-12-01 23:50:37,438 [main] INFO  franiwalksdogs.env - 
-=[franiwalksdogs started successfully using the development profile]=- 
2018-12-01 23:50:37,530 [main] INFO  luminus.http-server - starting HTTP server on port 3000 
2018-12-01 23:50:37,581 [main] DEBUG io.undertow - starting undertow server io.undertow.Undertow@45f9e02c 
2018-12-01 23:50:37,597 [main] INFO  org.xnio - XNIO version 3.3.6.Final 
2018-12-01 23:50:37,721 [main] DEBUG io.undertow - Configuring listener with protocol HTTP for interface 0.0.0.0 and port 3000 
2018-12-01 23:50:37,763 [main] INFO  org.projectodd.wunderboss.web.Web - Registered web context / 
2018-12-01 23:50:37,765 [main] INFO  franiwalksdogs.nrepl - starting nREPL server on port 7000 
2018-12-01 23:50:37,787 [main] WARN  franiwalksdogs.db.core - database connection URL was not found, please set :database-url in your config, e.g: dev-config.edn 
2018-12-01 23:50:37,789 [main] INFO  franiwalksdogs.core - #'franiwalksdogs.handler/init-app started 
2018-12-01 23:50:37,789 [main] INFO  franiwalksdogs.core - #'franiwalksdogs.handler/app started 
2018-12-01 23:50:37,789 [main] INFO  franiwalksdogs.core - #'franiwalksdogs.core/http-server started 
2018-12-01 23:50:37,789 [main] INFO  franiwalksdogs.core - #'franiwalksdogs.core/repl-server started 
2018-12-01 23:50:37,789 [main] INFO  franiwalksdogs.core - #'franiwalksdogs.db.core/*db* started 
2018-12-01 23:51:54,453 [Thread-2] INFO  franiwalksdogs.nrepl - nREPL server stopped 
2018-12-01 23:51:54,454 [Thread-2] DEBUG org.projectodd.wunderboss.WunderBoss - Returning existing component for org.projectodd.wunderboss.web.Web:2139501495, ignoring options. 
2018-12-01 23:51:54,457 [Thread-2] DEBUG io.undertow - stopping undertow server io.undertow.Undertow@45f9e02c 
2018-12-01 23:51:54,461 [Thread-2] INFO  luminus.http-server - HTTP server stopped 
2018-12-01 23:51:54,461 [Thread-2] INFO  franiwalksdogs.env - 
-=[franiwalksdogs has shut down successfully]=- 
2018-12-01 23:51:54,462 [Thread-2] INFO  franiwalksdogs.core - #'franiwalksdogs.db.core/*db* stopped 
2018-12-01 23:51:54,462 [Thread-2] INFO  franiwalksdogs.core - #'franiwalksdogs.core/repl-server stopped 
2018-12-01 23:51:54,462 [Thread-2] INFO  franiwalksdogs.core - #'franiwalksdogs.core/http-server stopped 
2018-12-01 23:51:54,463 [Thread-2] INFO  franiwalksdogs.core - #'franiwalksdogs.handler/init-app stopped 
